#
# There is insufficient memory for the Java Runtime Environment to continue.
# Native memory allocation (malloc) failed to allocate 1048576 bytes for AllocateHeap
# Possible reasons:
#   The system is out of physical RAM or swap space
#   In 32 bit mode, the process size limit was hit
# Possible solutions:
#   Reduce memory load on the system
#   Increase physical memory or swap space
#   Check if swap backing store is full
#   Use 64 bit Java on a 64 bit OS
#   Decrease Java heap size (-Xmx/-Xms)
#   Decrease number of Java threads
#   Decrease Java thread stack sizes (-Xss)
#   Set larger code cache with -XX:ReservedCodeCacheSize=
# This output file may be truncated or incomplete.
#
#  Out of Memory Error (memory/allocation.inline.hpp:61), pid=29712, tid=29824
#
# JRE version:  (8.0_77-b03) (build )
# Java VM: Java HotSpot(TM) 64-Bit Server VM (25.77-b03 mixed mode windows-amd64 compressed oops)
# Failed to write core dump. Minidumps are not enabled by default on client versions of Windows
#

---------------  T H R E A D  ---------------

Current thread (0x000000000052d800):  JavaThread "Unknown thread" [_thread_in_vm, id=29824, stack(0x00000000023c0000,0x00000000024c0000)]

Stack: [0x00000000023c0000,0x00000000024c0000]
[error occurred during error reporting (printing stack bounds), id 0xc0000005]

Native frames: (J=compiled Java code, j=interpreted, Vv=VM code, C=native code)


---------------  P R O C E S S  ---------------

Java Threads: ( => current thread )

Other Threads:

=>0x000000000052d800 (exited) JavaThread "Unknown thread" [_thread_in_vm, id=29824, stack(0x00000000023c0000,0x00000000024c0000)]

VM state:not at safepoint (normal execution)

VM Mutex/Monitor currently owned by a thread: None

Heap:
 PSYoungGen      total 38400K, used 665K [0x00000000eab00000, 0x00000000ed580000, 0x0000000100000000)
  eden space 33280K, 2% used [0x00000000eab00000,0x00000000eaba6670,0x00000000ecb80000)
  from space 5120K, 0% used [0x00000000ed080000,0x00000000ed080000,0x00000000ed580000)
  to   space 5120K, 0% used [0x00000000ecb80000,0x00000000ecb80000,0x00000000ed080000)
 ParOldGen       total 87552K, used 0K [0x00000000c0000000, 0x00000000c5580000, 0x00000000eab00000)
  object space 87552K, 0% used [0x00000000c0000000,0x00000000c0000000,0x00000000c5580000)
 Metaspace       used 769K, capacity 4480K, committed 4480K, reserved 1056768K
  class space    used 75K, capacity 384K, committed 384K, reserved 1048576K

Card table byte_map: [0x0000000011980000,0x0000000011b90000] byte_map_base: 0x0000000011380000

Marking Bits: (ParMarkBitMap*) 0x000000006a1a0600
 Begin Bits: [0x0000000011ef0000, 0x0000000012ef0000)
 End Bits:   [0x0000000012ef0000, 0x0000000013ef0000)

Polling page: 0x00000000004d0000

CodeCache: size=245760Kb used=327Kb max_used=327Kb free=245432Kb
 bounds [0x00000000025c0000, 0x0000000002830000, 0x00000000115c0000]
 total_blobs=57 nmethods=0 adapters=38
 compilation: enabled

Compilation events (0 events):
No events

GC Heap History (0 events):
No events

Deoptimization events (0 events):
No events

Internal exceptions (0 events):
No events

Events (10 events):
Event: 0.172 loading class java/lang/Short
Event: 0.172 loading class java/lang/Short done
Event: 0.172 loading class java/lang/Integer
Event: 0.172 loading class java/lang/Integer done
Event: 0.172 loading class java/lang/Long
Event: 0.172 loading class java/lang/Long done
Event: 0.172 loading class java/lang/NullPointerException
Event: 0.173 loading class java/lang/NullPointerException done
Event: 0.173 loading class java/lang/ArithmeticException
Event: 0.173 loading class java/lang/ArithmeticException done


Dynamic libraries:
0x00007ff702280000 - 0x00007ff7022b7000 	E:\Program Files\Java\jdk1.8.0_77\bin\java.exe
0x00007ff8e2cb0000 - 0x00007ff8e2e71000 	C:\WINDOWS\SYSTEM32\ntdll.dll
0x00007ff8e28f0000 - 0x00007ff8e299d000 	C:\WINDOWS\system32\KERNEL32.DLL
0x00007ff8df590000 - 0x00007ff8df778000 	C:\WINDOWS\system32\KERNELBASE.dll
0x00007ff8e0930000 - 0x00007ff8e09d7000 	C:\WINDOWS\system32\ADVAPI32.dll
0x00007ff8e2b10000 - 0x00007ff8e2bad000 	C:\WINDOWS\system32\msvcrt.dll
0x00007ff8e2c10000 - 0x00007ff8e2c6b000 	C:\WINDOWS\system32\sechost.dll
0x00007ff8e27d0000 - 0x00007ff8e28ec000 	C:\WINDOWS\system32\RPCRT4.dll
0x00007ff8e0310000 - 0x00007ff8e0466000 	C:\WINDOWS\system32\USER32.dll
0x00007ff8e0140000 - 0x00007ff8e02c6000 	C:\WINDOWS\system32\GDI32.dll
0x00007ff8d41b0000 - 0x00007ff8d4424000 	C:\WINDOWS\WinSxS\amd64_microsoft.windows.common-controls_6595b64144ccf1df_6.0.10586.0_none_8c15ae12515e1c22\COMCTL32.dll
0x00007ff8e1f40000 - 0x00007ff8e21bd000 	C:\WINDOWS\system32\combase.dll
0x00007ff8e0000000 - 0x00007ff8e006a000 	C:\WINDOWS\system32\bcryptPrimitives.dll
0x00007ff8e2c70000 - 0x00007ff8e2cab000 	C:\WINDOWS\system32\IMM32.DLL
0x00000000698b0000 - 0x0000000069982000 	E:\Program Files\Java\jdk1.8.0_77\jre\bin\msvcr100.dll
0x0000000069990000 - 0x000000006a220000 	E:\Program Files\Java\jdk1.8.0_77\jre\bin\server\jvm.dll
0x00007ff8e0300000 - 0x00007ff8e0308000 	C:\WINDOWS\system32\PSAPI.DLL
0x00007ff8c7960000 - 0x00007ff8c7969000 	C:\WINDOWS\SYSTEM32\WSOCK32.dll
0x00007ff8e2760000 - 0x00007ff8e27cb000 	C:\WINDOWS\system32\WS2_32.dll
0x00007ff8dd9b0000 - 0x00007ff8dd9d3000 	C:\WINDOWS\SYSTEM32\WINMM.dll
0x00007ff8d44e0000 - 0x00007ff8d44ea000 	C:\WINDOWS\SYSTEM32\VERSION.dll
0x00007ff8dd980000 - 0x00007ff8dd9ac000 	C:\WINDOWS\SYSTEM32\WINMMBASE.dll
0x00007ff8df480000 - 0x00007ff8df4c3000 	C:\WINDOWS\system32\cfgmgr32.dll
0x00000000698a0000 - 0x00000000698af000 	E:\Program Files\Java\jdk1.8.0_77\jre\bin\verify.dll
0x0000000069870000 - 0x0000000069899000 	E:\Program Files\Java\jdk1.8.0_77\jre\bin\java.dll
0x0000000069850000 - 0x0000000069866000 	E:\Program Files\Java\jdk1.8.0_77\jre\bin\zip.dll

VM Arguments:
jvm_args: -Djava.awt.headless=true -Xmx1024M -Dfile.encoding=GBK -Duser.country=CN -Duser.language=zh -Duser.variant 
java_command: com.android.dx.command.Main --dex --force-jumbo --num-threads=4 --multi-dex --output C:\Users\Administrator\Desktop\new\app\build\intermediates\transforms\dex\debug\folders\1000\10\okhttp-3.4.1_a3a718343956c6e4d917a53a4fdd4a4dc134cda5 C:\Users\Administrator\.gradle\caches\modules-2\files-2.1\com.squareup.okhttp3\okhttp\3.4.1\c7c4f9e35c2fd5900da24f9872e3971801f08ce0\okhttp-3.4.1.jar
java_class_path (initial): E:\Users\Administrator\AppData\Local\Android\sdk\build-tools\24.0.0\lib\dx.jar
Launcher Type: SUN_STANDARD

Environment Variables:
JAVA_HOME=E:\Program Files\Java\jdk1.8.0_77
CLASSPATH=E:\Program Files\Java\jdk1.8.0_77\lib\dt.jar;E:\Program Files\Java\jdk1.8.0_77\lib\tools.jar
PATH=C:\ProgramData\Oracle\Java\javapath;C:\WINDOWS\system32;C:\WINDOWS;C:\WINDOWS\System32\Wbem;C:\WINDOWS\System32\WindowsPowerShell\v1.0\;C:\Program Files\TortoiseSVN\bin;E:\Program Files\Git\cmd;E:\Program Files\Java\jdk1.8.0_77\bin;E:\Users\Administrator\AppData\Local\Android\sdk\platform-tools;
USERNAME=Administrator
OS=Windows_NT
PROCESSOR_IDENTIFIER=Intel64 Family 6 Model 60 Stepping 3, GenuineIntel



---------------  S Y S T E M  ---------------

OS: Windows 10.0 , 64 bit Build 10586 (10.0.10586.0)

CPU:total 2 (2 cores per cpu, 1 threads per core) family 6 model 60 stepping 3, cmov, cx8, fxsr, mmx, sse, sse2, sse3, ssse3, sse4.1, sse4.2, popcnt, clmul, erms, lzcnt, tsc, tscinvbit

Memory: 4k page, physical 8286208k(1453364k free), swap 8286208k(5596k free)

vm_info: Java HotSpot(TM) 64-Bit Server VM (25.77-b03) for windows-amd64 JRE (1.8.0_77-b03), built on Mar 20 2016 22:01:33 by "java_re" with MS VC++ 10.0 (VS2010)

time: Mon Aug 08 20:01:42 2016
elapsed time: 0 seconds (0d 0h 0m 0s)

