#
# There is insufficient memory for the Java Runtime Environment to continue.
# Native memory allocation (malloc) failed to allocate 32744 bytes for ChunkPool::allocate
# Possible reasons:
#   The system is out of physical RAM or swap space
#   In 32 bit mode, the process size limit was hit
# Possible solutions:
#   Reduce memory load on the system
#   Increase physical memory or swap space
#   Check if swap backing store is full
#   Use 64 bit Java on a 64 bit OS
#   Decrease Java heap size (-Xmx/-Xms)
#   Decrease number of Java threads
#   Decrease Java thread stack sizes (-Xss)
#   Set larger code cache with -XX:ReservedCodeCacheSize=
# This output file may be truncated or incomplete.
#
#  Out of Memory Error (allocation.cpp:273), pid=30340, tid=29212
#
# JRE version: Java(TM) SE Runtime Environment (8.0_77-b03) (build 1.8.0_77-b03)
# Java VM: Java HotSpot(TM) 64-Bit Server VM (25.77-b03 mixed mode windows-amd64 compressed oops)
# Failed to write core dump. Minidumps are not enabled by default on client versions of Windows
#

---------------  T H R E A D  ---------------

Current thread (0x0000000014a56800):  JavaThread "C2 CompilerThread0" daemon [_thread_in_native, id=29212, stack(0x0000000015940000,0x0000000015a40000)]

Stack: [0x0000000015940000,0x0000000015a40000]
[error occurred during error reporting (printing stack bounds), id 0xc0000005]

Native frames: (J=compiled Java code, j=interpreted, Vv=VM code, C=native code)


Current CompileTask:
C2:   3998 1410   !   4       com.android.dx.cf.code.BytecodeArray::parseInstruction (2764 bytes)


---------------  P R O C E S S  ---------------

Java Threads: ( => current thread )
  0x0000000015c8a000 JavaThread "pool-2-thread-4" [_thread_blocked, id=30472, stack(0x0000000016540000,0x0000000016640000)]
  0x0000000015c87000 JavaThread "pool-2-thread-3" [_thread_blocked, id=23820, stack(0x0000000016440000,0x0000000016540000)]
  0x0000000015c84000 JavaThread "pool-2-thread-2" [_thread_in_Java, id=30368, stack(0x0000000016340000,0x0000000016440000)]
  0x0000000015c83000 JavaThread "pool-3-thread-1" [_thread_blocked, id=30488, stack(0x0000000016240000,0x0000000016340000)]
  0x0000000015c82800 JavaThread "pool-2-thread-1" [_thread_in_Java, id=29772, stack(0x0000000016140000,0x0000000016240000)]
  0x0000000015a57000 JavaThread "Service Thread" daemon [_thread_blocked, id=30184, stack(0x0000000015f40000,0x0000000016040000)]
  0x0000000015a53000 JavaThread "C1 CompilerThread1" daemon [_thread_blocked, id=29076, stack(0x0000000015e40000,0x0000000015f40000)]
=>0x0000000014a56800 JavaThread "C2 CompilerThread0" daemon [_thread_in_native, id=29212, stack(0x0000000015940000,0x0000000015a40000)]
  0x0000000014a55800 JavaThread "Attach Listener" daemon [_thread_blocked, id=29988, stack(0x0000000015840000,0x0000000015940000)]
  0x0000000014a09000 JavaThread "Signal Dispatcher" daemon [_thread_blocked, id=28856, stack(0x0000000015740000,0x0000000015840000)]
  0x00000000149e8800 JavaThread "Finalizer" daemon [_thread_blocked, id=30468, stack(0x0000000015640000,0x0000000015740000)]
  0x000000000255d000 JavaThread "Reference Handler" daemon [_thread_blocked, id=29940, stack(0x0000000015540000,0x0000000015640000)]
  0x000000000246d800 JavaThread "main" [_thread_in_Java, id=24380, stack(0x0000000002280000,0x0000000002380000)]

Other Threads:
  0x00000000149c6000 VMThread [stack: 0x0000000015440000,0x0000000015540000] [id=29968]
  0x0000000015a70800 WatcherThread [stack: 0x0000000016040000,0x0000000016140000] [id=29908]

VM state:not at safepoint (normal execution)

VM Mutex/Monitor currently owned by a thread: None

Heap:
 PSYoungGen      total 38400K, used 19143K [0x00000000eab00000, 0x00000000ef600000, 0x0000000100000000)
  eden space 33280K, 42% used [0x00000000eab00000,0x00000000eb8b9878,0x00000000ecb80000)
  from space 5120K, 99% used [0x00000000ed080000,0x00000000ed5785a0,0x00000000ed580000)
  to   space 5120K, 0% used [0x00000000ecb80000,0x00000000ecb80000,0x00000000ed080000)
 ParOldGen       total 87552K, used 5277K [0x00000000c0000000, 0x00000000c5580000, 0x00000000eab00000)
  object space 87552K, 6% used [0x00000000c0000000,0x00000000c0527698,0x00000000c5580000)
 Metaspace       used 6273K, capacity 7094K, committed 7296K, reserved 1056768K
  class space    used 608K, capacity 622K, committed 640K, reserved 1048576K

Card table byte_map: [0x0000000011930000,0x0000000011b40000] byte_map_base: 0x0000000011330000

Marking Bits: (ParMarkBitMap*) 0x000000006a1a0600
 Begin Bits: [0x0000000011ea0000, 0x0000000012ea0000)
 End Bits:   [0x0000000012ea0000, 0x0000000013ea0000)

Polling page: 0x0000000000870000

CodeCache: size=245760Kb used=5906Kb max_used=5906Kb free=239853Kb
 bounds [0x0000000002570000, 0x0000000002b40000, 0x0000000011570000]
 total_blobs=1785 nmethods=1515 adapters=184
 compilation: enabled

Compilation events (10 events):
Event: 3.906 Thread 0x0000000015a53000 1522       2       com.android.dx.cf.attrib.InnerClassList$Item::<init> (40 bytes)
Event: 3.906 Thread 0x0000000015a53000 nmethod 1522 0x0000000002b37390 code [0x0000000002b37500, 0x0000000002b37748]
Event: 3.985 Thread 0x0000000015a53000 1523       2       com.android.dx.ssa.PhiTypeResolver::equalsHandlesNulls (23 bytes)
Event: 3.985 Thread 0x0000000015a53000 nmethod 1523 0x0000000002b37850 code [0x0000000002b379c0, 0x0000000002b37bc8]
Event: 3.989 Thread 0x0000000015a53000 1524       2       com.android.dx.dex.file.ClassDefItem::addInstanceField (9 bytes)
Event: 3.989 Thread 0x0000000015a53000 nmethod 1524 0x0000000002b37cd0 code [0x0000000002b37e60, 0x0000000002b38198]
Event: 3.994 Thread 0x0000000015a53000 1525       2       java.lang.String::<init> (82 bytes)
Event: 3.994 Thread 0x0000000015a53000 nmethod 1525 0x0000000002b38450 code [0x0000000002b38600, 0x0000000002b38958]
Event: 3.995 Thread 0x0000000015a53000 1526       2       com.android.dx.cf.direct.AttributeFactory::parse0 (53 bytes)
Event: 3.995 Thread 0x0000000015a53000 nmethod 1526 0x0000000002b38b90 code [0x0000000002b38d40, 0x0000000002b391c8]

GC Heap History (4 events):
Event: 3.361 GC heap before
{Heap before GC invocations=1 (full 0):
 PSYoungGen      total 38400K, used 33280K [0x00000000eab00000, 0x00000000ed580000, 0x0000000100000000)
  eden space 33280K, 100% used [0x00000000eab00000,0x00000000ecb80000,0x00000000ecb80000)
  from space 5120K, 0% used [0x00000000ed080000,0x00000000ed080000,0x00000000ed580000)
  to   space 5120K, 0% used [0x00000000ecb80000,0x00000000ecb80000,0x00000000ed080000)
 ParOldGen       total 87552K, used 0K [0x00000000c0000000, 0x00000000c5580000, 0x00000000eab00000)
  object space 87552K, 0% used [0x00000000c0000000,0x00000000c0000000,0x00000000c5580000)
 Metaspace       used 6009K, capacity 6902K, committed 7040K, reserved 1056768K
  class space    used 608K, capacity 622K, committed 640K, reserved 1048576K
Event: 3.370 GC heap after
Heap after GC invocations=1 (full 0):
 PSYoungGen      total 38400K, used 5097K [0x00000000eab00000, 0x00000000ed580000, 0x0000000100000000)
  eden space 33280K, 0% used [0x00000000eab00000,0x00000000eab00000,0x00000000ecb80000)
  from space 5120K, 99% used [0x00000000ecb80000,0x00000000ed07a510,0x00000000ed080000)
  to   space 5120K, 0% used [0x00000000ed080000,0x00000000ed080000,0x00000000ed580000)
 ParOldGen       total 87552K, used 1458K [0x00000000c0000000, 0x00000000c5580000, 0x00000000eab00000)
  object space 87552K, 1% used [0x00000000c0000000,0x00000000c016c990,0x00000000c5580000)
 Metaspace       used 6009K, capacity 6902K, committed 7040K, reserved 1056768K
  class space    used 608K, capacity 622K, committed 640K, reserved 1048576K
}
Event: 3.818 GC heap before
{Heap before GC invocations=2 (full 0):
 PSYoungGen      total 38400K, used 38377K [0x00000000eab00000, 0x00000000ed580000, 0x0000000100000000)
  eden space 33280K, 100% used [0x00000000eab00000,0x00000000ecb80000,0x00000000ecb80000)
  from space 5120K, 99% used [0x00000000ecb80000,0x00000000ed07a510,0x00000000ed080000)
  to   space 5120K, 0% used [0x00000000ed080000,0x00000000ed080000,0x00000000ed580000)
 ParOldGen       total 87552K, used 1458K [0x00000000c0000000, 0x00000000c5580000, 0x00000000eab00000)
  object space 87552K, 1% used [0x00000000c0000000,0x00000000c016c990,0x00000000c5580000)
 Metaspace       used 6251K, capacity 7094K, committed 7296K, reserved 1056768K
  class space    used 608K, capacity 622K, committed 640K, reserved 1048576K
Event: 3.840 GC heap after
Heap after GC invocations=2 (full 0):
 PSYoungGen      total 38400K, used 5089K [0x00000000eab00000, 0x00000000ef600000, 0x0000000100000000)
  eden space 33280K, 0% used [0x00000000eab00000,0x00000000eab00000,0x00000000ecb80000)
  from space 5120K, 99% used [0x00000000ed080000,0x00000000ed5785a0,0x00000000ed580000)
  to   space 5120K, 0% used [0x00000000ecb80000,0x00000000ecb80000,0x00000000ed080000)
 ParOldGen       total 87552K, used 5277K [0x00000000c0000000, 0x00000000c5580000, 0x00000000eab00000)
  object space 87552K, 6% used [0x00000000c0000000,0x00000000c0527698,0x00000000c5580000)
 Metaspace       used 6251K, capacity 7094K, committed 7296K, reserved 1056768K
  class space    used 608K, capacity 622K, committed 640K, reserved 1048576K
}

Deoptimization events (10 events):
Event: 3.167 Thread 0x0000000015c8a000 Uncommon trap: reason=class_check action=maybe_recompile pc=0x00000000028a87a0 method=com.android.dx.rop.type.Type.equals(Ljava/lang/Object;)Z @ 8
Event: 3.168 Thread 0x0000000015c8a000 Uncommon trap: reason=class_check action=maybe_recompile pc=0x00000000028a87a0 method=com.android.dx.rop.type.Type.equals(Ljava/lang/Object;)Z @ 8
Event: 3.168 Thread 0x0000000015c8a000 Uncommon trap: reason=class_check action=maybe_recompile pc=0x00000000028a87a0 method=com.android.dx.rop.type.Type.equals(Ljava/lang/Object;)Z @ 8
Event: 3.169 Thread 0x0000000015c8a000 Uncommon trap: reason=class_check action=maybe_recompile pc=0x00000000028a87a0 method=com.android.dx.rop.type.Type.equals(Ljava/lang/Object;)Z @ 8
Event: 3.197 Thread 0x0000000015c8a000 Uncommon trap: reason=unstable_if action=reinterpret pc=0x00000000028a4120 method=com.android.dx.rop.code.RegisterSpec.equals(ILcom/android/dx/rop/type/TypeBearer;Lcom/android/dx/rop/code/LocalItem;)Z @ 42
Event: 3.292 Thread 0x0000000015c84000 Uncommon trap: reason=unstable_if action=reinterpret pc=0x00000000028ac8e4 method=com.android.dx.rop.code.RegisterSpecSet.put(Lcom/android/dx/rop/code/RegisterSpec;)V @ 77
Event: 3.597 Thread 0x000000000246d800 Uncommon trap: reason=unstable_if action=reinterpret pc=0x000000000283e25c method=com.android.dx.rop.cst.Constant.compareTo(Lcom/android/dx/rop/cst/Constant;)I @ 12
Event: 3.811 Thread 0x000000000246d800 Uncommon trap: reason=unstable_if action=reinterpret pc=0x00000000028a2c78 method=java.lang.String.<init>([CII)V @ 18
Event: 3.885 Thread 0x0000000015c84000 Uncommon trap: reason=bimorphic action=maybe_recompile pc=0x00000000029f4bc4 method=java.util.HashMap.putVal(ILjava/lang/Object;Ljava/lang/Object;ZZ)Ljava/lang/Object; @ 203
Event: 3.993 Thread 0x000000000246d800 Uncommon trap: reason=unstable_if action=reinterpret pc=0x0000000002744ba0 method=java.lang.String.<init>([CII)V @ 18

Internal exceptions (2 events):
Event: 2.081 Thread 0x000000000246d800 Exception <a 'java/lang/NoSuchMethodError': Method sun.misc.Unsafe.defineClass(Ljava/lang/String;[BII)Ljava/lang/Class; name or signature does not match> (0x00000000eab07cc0) thrown at [D:\re\workspace\8-2-build-windows-amd64-cygwin\jdk8u77\6540\hotspot\srU*徦
Event: 2.081 Thread 0x000000000246d800 Exception <a 'java/lang/NoSuchMethodError': Method sun.misc.Unsafe.prefetchRead(Ljava/lang/Object;J)V name or signature does not match> (0x00000000eab07fa8) thrown at [D:\re\workspace\8-2-build-windows-amd64-cygwin\jdk8u77\6540\hotspot\src\share\vm\prims\j

Events (10 events):
Event: 3.867 Thread 0x000000000246d800 DEOPT PACKING pc=0x0000000002b07180 sp=0x000000000237df30
Event: 3.867 Thread 0x000000000246d800 DEOPT UNPACKING pc=0x00000000025b747f sp=0x000000000237dca0 mode 0
Event: 3.877 Thread 0x0000000015c84000 DEOPT PACKING pc=0x00000000027d6e4c sp=0x000000001643e670
Event: 3.877 Thread 0x0000000015c84000 DEOPT UNPACKING pc=0x00000000025b747f sp=0x000000001643e438 mode 0
Event: 3.885 Thread 0x0000000015c84000 Uncommon trap: trap_request=0xffffffc6 fr.pc=0x00000000029f4bc4
Event: 3.885 Thread 0x0000000015c84000 DEOPT PACKING pc=0x00000000029f4bc4 sp=0x000000001643e600
Event: 3.885 Thread 0x0000000015c84000 DEOPT UNPACKING pc=0x00000000025b582a sp=0x000000001643e588 mode 2
Event: 3.993 Thread 0x000000000246d800 Uncommon trap: trap_request=0xffffff65 fr.pc=0x0000000002744ba0
Event: 3.993 Thread 0x000000000246d800 DEOPT PACKING pc=0x0000000002744ba0 sp=0x000000000237e0d0
Event: 3.993 Thread 0x000000000246d800 DEOPT UNPACKING pc=0x00000000025b582a sp=0x000000000237e098 mode 2


Dynamic libraries:
0x00007ff702280000 - 0x00007ff7022b7000 	E:\Program Files\Java\jdk1.8.0_77\bin\java.exe
0x00007ff8e2cb0000 - 0x00007ff8e2e71000 	C:\WINDOWS\SYSTEM32\ntdll.dll
0x00007ff8e28f0000 - 0x00007ff8e299d000 	C:\WINDOWS\system32\KERNEL32.DLL
0x00007ff8df590000 - 0x00007ff8df778000 	C:\WINDOWS\system32\KERNELBASE.dll
0x00007ff8e0930000 - 0x00007ff8e09d7000 	C:\WINDOWS\system32\ADVAPI32.dll
0x00007ff8e2b10000 - 0x00007ff8e2bad000 	C:\WINDOWS\system32\msvcrt.dll
0x00007ff8e2c10000 - 0x00007ff8e2c6b000 	C:\WINDOWS\system32\sechost.dll
0x00007ff8e27d0000 - 0x00007ff8e28ec000 	C:\WINDOWS\system32\RPCRT4.dll
0x00007ff8e0310000 - 0x00007ff8e0466000 	C:\WINDOWS\system32\USER32.dll
0x00007ff8e0140000 - 0x00007ff8e02c6000 	C:\WINDOWS\system32\GDI32.dll
0x00007ff8d41b0000 - 0x00007ff8d4424000 	C:\WINDOWS\WinSxS\amd64_microsoft.windows.common-controls_6595b64144ccf1df_6.0.10586.0_none_8c15ae12515e1c22\COMCTL32.dll
0x00007ff8e1f40000 - 0x00007ff8e21bd000 	C:\WINDOWS\system32\combase.dll
0x00007ff8e0000000 - 0x00007ff8e006a000 	C:\WINDOWS\system32\bcryptPrimitives.dll
0x00007ff8e2c70000 - 0x00007ff8e2cab000 	C:\WINDOWS\system32\IMM32.DLL
0x00000000698b0000 - 0x0000000069982000 	E:\Program Files\Java\jdk1.8.0_77\jre\bin\msvcr100.dll
0x0000000069990000 - 0x000000006a220000 	E:\Program Files\Java\jdk1.8.0_77\jre\bin\server\jvm.dll
0x00007ff8e0300000 - 0x00007ff8e0308000 	C:\WINDOWS\system32\PSAPI.DLL
0x00007ff8c7960000 - 0x00007ff8c7969000 	C:\WINDOWS\SYSTEM32\WSOCK32.dll
0x00007ff8e2760000 - 0x00007ff8e27cb000 	C:\WINDOWS\system32\WS2_32.dll
0x00007ff8dd9b0000 - 0x00007ff8dd9d3000 	C:\WINDOWS\SYSTEM32\WINMM.dll
0x00007ff8d44e0000 - 0x00007ff8d44ea000 	C:\WINDOWS\SYSTEM32\VERSION.dll
0x00007ff8dd980000 - 0x00007ff8dd9ac000 	C:\WINDOWS\SYSTEM32\WINMMBASE.dll
0x00007ff8df480000 - 0x00007ff8df4c3000 	C:\WINDOWS\system32\cfgmgr32.dll
0x00000000698a0000 - 0x00000000698af000 	E:\Program Files\Java\jdk1.8.0_77\jre\bin\verify.dll
0x0000000069870000 - 0x0000000069899000 	E:\Program Files\Java\jdk1.8.0_77\jre\bin\java.dll
0x0000000069850000 - 0x0000000069866000 	E:\Program Files\Java\jdk1.8.0_77\jre\bin\zip.dll
0x00007ff8e09e0000 - 0x00007ff8e1f3f000 	C:\WINDOWS\system32\SHELL32.dll
0x00007ff8df780000 - 0x00007ff8dfdc4000 	C:\WINDOWS\system32\windows.storage.dll
0x00007ff8e08d0000 - 0x00007ff8e0922000 	C:\WINDOWS\system32\shlwapi.dll
0x00007ff8df2b0000 - 0x00007ff8df2bf000 	C:\WINDOWS\system32\kernel.appcore.dll
0x00007ff8df4d0000 - 0x00007ff8df585000 	C:\WINDOWS\system32\shcore.dll
0x00007ff8df2c0000 - 0x00007ff8df30b000 	C:\WINDOWS\system32\powrprof.dll
0x00007ff8df310000 - 0x00007ff8df324000 	C:\WINDOWS\system32\profapi.dll

VM Arguments:
jvm_args: -Djava.awt.headless=true -Xmx1024M -Dfile.encoding=GBK -Duser.country=CN -Duser.language=zh -Duser.variant 
java_command: com.android.dx.command.Main --dex --force-jumbo --num-threads=4 --multi-dex --output C:\Users\Administrator\Desktop\new\app\build\intermediates\transforms\dex\debug\folders\1000\10\com.android.support-appcompat-v7-24.1.1_a115e91326a1b117cef791839394d72a1b76e13c C:\Users\Administrator\Desktop\new\app\build\intermediates\exploded-aar\com.android.support\appcompat-v7\24.1.1\jars\classes.jar
java_class_path (initial): E:\Users\Administrator\AppData\Local\Android\sdk\build-tools\24.0.0\lib\dx.jar
Launcher Type: SUN_STANDARD

Environment Variables:
JAVA_HOME=E:\Program Files\Java\jdk1.8.0_77
CLASSPATH=E:\Program Files\Java\jdk1.8.0_77\lib\dt.jar;E:\Program Files\Java\jdk1.8.0_77\lib\tools.jar
PATH=C:\ProgramData\Oracle\Java\javapath;C:\WINDOWS\system32;C:\WINDOWS;C:\WINDOWS\System32\Wbem;C:\WINDOWS\System32\WindowsPowerShell\v1.0\;C:\Program Files\TortoiseSVN\bin;E:\Program Files\Git\cmd;E:\Program Files\Java\jdk1.8.0_77\bin;E:\Users\Administrator\AppData\Local\Android\sdk\platform-tools;
USERNAME=Administrator
OS=Windows_NT
PROCESSOR_IDENTIFIER=Intel64 Family 6 Model 60 Stepping 3, GenuineIntel



---------------  S Y S T E M  ---------------

OS: Windows 10.0 , 64 bit Build 10586 (10.0.10586.0)

CPU:total 2 (2 cores per cpu, 1 threads per core) family 6 model 60 stepping 3, cmov, cx8, fxsr, mmx, sse, sse2, sse3, ssse3, sse4.1, sse4.2, popcnt, clmul, erms, lzcnt, tsc, tscinvbit

Memory: 4k page, physical 8286208k(1377916k free), swap 8286208k(4096k free)

vm_info: Java HotSpot(TM) 64-Bit Server VM (25.77-b03) for windows-amd64 JRE (1.8.0_77-b03), built on Mar 20 2016 22:01:33 by "java_re" with MS VC++ 10.0 (VS2010)

time: Mon Aug 08 20:01:40 2016
elapsed time: 4 seconds (0d 0h 0m 4s)

