#
# There is insufficient memory for the Java Runtime Environment to continue.
# Native memory allocation (malloc) failed to allocate 430336 bytes for Chunk::new
# Possible reasons:
#   The system is out of physical RAM or swap space
#   In 32 bit mode, the process size limit was hit
# Possible solutions:
#   Reduce memory load on the system
#   Increase physical memory or swap space
#   Check if swap backing store is full
#   Use 64 bit Java on a 64 bit OS
#   Decrease Java heap size (-Xmx/-Xms)
#   Decrease number of Java threads
#   Decrease Java thread stack sizes (-Xss)
#   Set larger code cache with -XX:ReservedCodeCacheSize=
# This output file may be truncated or incomplete.
#
#  Out of Memory Error (allocation.cpp:390), pid=18524, tid=19184
#
# JRE version: Java(TM) SE Runtime Environment (8.0_77-b03) (build 1.8.0_77-b03)
# Java VM: Java HotSpot(TM) 64-Bit Server VM (25.77-b03 mixed mode windows-amd64 compressed oops)
# Failed to write core dump. Minidumps are not enabled by default on client versions of Windows
#

---------------  T H R E A D  ---------------

Current thread (0x0000000014a06800):  JavaThread "C2 CompilerThread0" daemon [_thread_in_native, id=19184, stack(0x0000000015950000,0x0000000015a50000)]

Stack: [0x0000000015950000,0x0000000015a50000]
[error occurred during error reporting (printing stack bounds), id 0xc0000005]

Native frames: (J=compiled Java code, j=interpreted, Vv=VM code, C=native code)


Current CompileTask:
C2:   2041  786       4       com.android.dx.ssa.SsaBasicBlock::forEachInsn (37 bytes)


---------------  P R O C E S S  ---------------

Java Threads: ( => current thread )
  0x0000000015c89800 JavaThread "pool-2-thread-4" [_thread_blocked, id=18760, stack(0x0000000016550000,0x0000000016650000)]
  0x0000000015c84000 JavaThread "pool-2-thread-3" [_thread_in_Java, id=19364, stack(0x0000000016450000,0x0000000016550000)]
  0x0000000015c7e000 JavaThread "pool-2-thread-2" [_thread_blocked, id=13248, stack(0x0000000016350000,0x0000000016450000)]
  0x0000000015c7d000 JavaThread "pool-3-thread-1" [_thread_blocked, id=19192, stack(0x0000000016250000,0x0000000016350000)]
  0x0000000015c7b800 JavaThread "pool-2-thread-1" [_thread_blocked, id=1724, stack(0x0000000016150000,0x0000000016250000)]
  0x0000000015a67000 JavaThread "Service Thread" daemon [_thread_blocked, id=18880, stack(0x0000000015f50000,0x0000000016050000)]
  0x0000000015a63000 JavaThread "C1 CompilerThread1" daemon [_thread_blocked, id=17680, stack(0x0000000015e50000,0x0000000015f50000)]
=>0x0000000014a06800 JavaThread "C2 CompilerThread0" daemon [_thread_in_native, id=19184, stack(0x0000000015950000,0x0000000015a50000)]
  0x0000000014a05000 JavaThread "Attach Listener" daemon [_thread_blocked, id=19232, stack(0x0000000015850000,0x0000000015950000)]
  0x0000000014a02000 JavaThread "Signal Dispatcher" daemon [_thread_blocked, id=17972, stack(0x0000000015750000,0x0000000015850000)]
  0x0000000014998800 JavaThread "Finalizer" daemon [_thread_blocked, id=17280, stack(0x00000000155f0000,0x00000000156f0000)]
  0x000000000250c800 JavaThread "Reference Handler" daemon [_thread_blocked, id=18604, stack(0x00000000154f0000,0x00000000155f0000)]
  0x0000000002421000 JavaThread "main" [_thread_in_Java, id=19244, stack(0x0000000001fd0000,0x00000000020d0000)]

Other Threads:
  0x0000000014976000 VMThread [stack: 0x00000000153f0000,0x00000000154f0000] [id=17740]
  0x0000000015a9c800 WatcherThread [stack: 0x0000000016050000,0x0000000016150000] [id=19276]

VM state:not at safepoint (normal execution)

VM Mutex/Monitor currently owned by a thread: None

Heap:
 PSYoungGen      total 38400K, used 16246K [0x00000000eab00000, 0x00000000ed580000, 0x0000000100000000)
  eden space 33280K, 48% used [0x00000000eab00000,0x00000000ebadd9b8,0x00000000ecb80000)
  from space 5120K, 0% used [0x00000000ed080000,0x00000000ed080000,0x00000000ed580000)
  to   space 5120K, 0% used [0x00000000ecb80000,0x00000000ecb80000,0x00000000ed080000)
 ParOldGen       total 87552K, used 0K [0x00000000c0000000, 0x00000000c5580000, 0x00000000eab00000)
  object space 87552K, 0% used [0x00000000c0000000,0x00000000c0000000,0x00000000c5580000)
 Metaspace       used 5773K, capacity 6644K, committed 6784K, reserved 1056768K
  class space    used 600K, capacity 620K, committed 640K, reserved 1048576K

Card table byte_map: [0x00000000118e0000,0x0000000011af0000] byte_map_base: 0x00000000112e0000

Marking Bits: (ParMarkBitMap*) 0x0000000071a10600
 Begin Bits: [0x0000000011e50000, 0x0000000012e50000)
 End Bits:   [0x0000000012e50000, 0x0000000013e50000)

Polling page: 0x00000000004d0000

CodeCache: size=245760Kb used=3076Kb max_used=3087Kb free=242683Kb
 bounds [0x0000000002520000, 0x0000000002830000, 0x0000000011520000]
 total_blobs=1034 nmethods=764 adapters=184
 compilation: enabled

Compilation events (10 events):
Event: 2.030 Thread 0x0000000014a06800 nmethod 775 0x0000000002820d10 code [0x0000000002820ea0, 0x00000000028217b8]
Event: 2.030 Thread 0x0000000014a06800  776       4       java.util.HashSet::contains (9 bytes)
Event: 2.030 Thread 0x0000000014a06800 nmethod 776 0x00000000028248d0 code [0x0000000002824a20, 0x0000000002824ae8]
Event: 2.030 Thread 0x0000000014a06800  782       4       com.android.dx.rop.code.RegisterSpec::hashCodeOf (30 bytes)
Event: 2.033 Thread 0x0000000014a06800 nmethod 782 0x0000000002825cd0 code [0x0000000002825e40, 0x00000000028260b8]
Event: 2.033 Thread 0x0000000014a06800  784       4       java.util.ArrayList::isEmpty (13 bytes)
Event: 2.033 Thread 0x0000000014a06800 nmethod 784 0x00000000027e62d0 code [0x00000000027e6400, 0x00000000027e6478]
Event: 2.033 Thread 0x0000000014a06800  785       4       com.android.dx.ssa.NormalSsaInsn::getSources (8 bytes)
Event: 2.034 Thread 0x0000000014a06800 nmethod 785 0x0000000002824690 code [0x00000000028247c0, 0x0000000002824838]
Event: 2.034 Thread 0x0000000014a06800  786       4       com.android.dx.ssa.SsaBasicBlock::forEachInsn (37 bytes)

GC Heap History (0 events):
No events

Deoptimization events (2 events):
Event: 1.970 Thread 0x0000000002421000 Uncommon trap: reason=unstable_if action=reinterpret pc=0x0000000002775c1c method=java.util.HashMap.getNode(ILjava/lang/Object;)Ljava/util/HashMap$Node; @ 129
Event: 1.984 Thread 0x0000000002421000 Uncommon trap: reason=unstable_if action=reinterpret pc=0x00000000027bd0a0 method=java.util.HashMap.getNode(ILjava/lang/Object;)Ljava/util/HashMap$Node; @ 62

Internal exceptions (2 events):
Event: 0.227 Thread 0x0000000002421000 Exception <a 'java/lang/NoSuchMethodError': Method sun.misc.Unsafe.defineClass(Ljava/lang/String;[BII)Ljava/lang/Class; name or signature does not match> (0x00000000eab07cc0) thrown at [D:\re\workspace\8-2-build-windows-amd64-cygwin\jdk8u77\6540\hotspot\sr² 4ºÿÌ?
Event: 0.227 Thread 0x0000000002421000 Exception <a 'java/lang/NoSuchMethodError': Method sun.misc.Unsafe.prefetchRead(Ljava/lang/Object;J)V name or signature does not match> (0x00000000eab07fa8) thrown at [D:\re\workspace\8-2-build-windows-amd64-cygwin\jdk8u77\6540\hotspot\src\share\vm\prims\j

Events (10 events):
Event: 2.020 loading class java/util/TreeMap$EntrySet
Event: 2.021 loading class java/util/TreeMap$EntrySet done
Event: 2.021 loading class java/util/TreeMap$EntryIterator
Event: 2.021 loading class java/util/TreeMap$EntryIterator done
Event: 2.031 loading class com/android/dx/cf/code/Ropper$ExceptionHandlerSetup
Event: 2.031 loading class com/android/dx/cf/code/Ropper$ExceptionHandlerSetup done
Event: 2.031 loading class java/util/HashMap$Values
Event: 2.031 loading class java/util/HashMap$Values done
Event: 2.032 loading class java/util/HashMap$ValueIterator
Event: 2.032 loading class java/util/HashMap$ValueIterator done


Dynamic libraries:
0x00007ff7b50f0000 - 0x00007ff7b5127000 	E:\Program Files\Java\jdk1.8.0_77\bin\java.exe
0x00007ffa093f0000 - 0x00007ffa095b1000 	C:\WINDOWS\SYSTEM32\ntdll.dll
0x00007ffa08a60000 - 0x00007ffa08b0d000 	C:\WINDOWS\system32\KERNEL32.DLL
0x00007ffa063c0000 - 0x00007ffa065a8000 	C:\WINDOWS\system32\KERNELBASE.dll
0x00007ffa08b80000 - 0x00007ffa08c27000 	C:\WINDOWS\system32\ADVAPI32.dll
0x00007ffa06a50000 - 0x00007ffa06aed000 	C:\WINDOWS\system32\msvcrt.dll
0x00007ffa08790000 - 0x00007ffa087eb000 	C:\WINDOWS\system32\sechost.dll
0x00007ffa09170000 - 0x00007ffa0928c000 	C:\WINDOWS\system32\RPCRT4.dll
0x00007ffa07010000 - 0x00007ffa07166000 	C:\WINDOWS\system32\USER32.dll
0x00007ffa08c30000 - 0x00007ffa08db6000 	C:\WINDOWS\system32\GDI32.dll
0x00007ff9fa9f0000 - 0x00007ff9fac64000 	C:\WINDOWS\WinSxS\amd64_microsoft.windows.common-controls_6595b64144ccf1df_6.0.10586.0_none_8c15ae12515e1c22\COMCTL32.dll
0x00007ffa067d0000 - 0x00007ffa06a4d000 	C:\WINDOWS\system32\combase.dll
0x00007ffa066b0000 - 0x00007ffa0671a000 	C:\WINDOWS\system32\bcryptPrimitives.dll
0x00007ffa07170000 - 0x00007ffa071ab000 	C:\WINDOWS\system32\IMM32.DLL
0x0000000071120000 - 0x00000000711f2000 	E:\Program Files\Java\jdk1.8.0_77\jre\bin\msvcr100.dll
0x0000000071200000 - 0x0000000071a90000 	E:\Program Files\Java\jdk1.8.0_77\jre\bin\server\jvm.dll
0x00007ffa093e0000 - 0x00007ffa093e8000 	C:\WINDOWS\system32\PSAPI.DLL
0x00007ff9ecb80000 - 0x00007ff9ecb89000 	C:\WINDOWS\SYSTEM32\WSOCK32.dll
0x00007ffa06f80000 - 0x00007ffa06feb000 	C:\WINDOWS\system32\WS2_32.dll
0x00007ffa03c70000 - 0x00007ffa03c93000 	C:\WINDOWS\SYSTEM32\WINMM.dll
0x00007ff9fa170000 - 0x00007ff9fa17a000 	C:\WINDOWS\SYSTEM32\VERSION.dll
0x00007ffa03c10000 - 0x00007ffa03c3c000 	C:\WINDOWS\SYSTEM32\WINMMBASE.dll
0x00007ffa06660000 - 0x00007ffa066a3000 	C:\WINDOWS\system32\cfgmgr32.dll
0x0000000071110000 - 0x000000007111f000 	E:\Program Files\Java\jdk1.8.0_77\jre\bin\verify.dll
0x00000000710e0000 - 0x0000000071109000 	E:\Program Files\Java\jdk1.8.0_77\jre\bin\java.dll
0x00000000710c0000 - 0x00000000710d6000 	E:\Program Files\Java\jdk1.8.0_77\jre\bin\zip.dll
0x00007ffa071d0000 - 0x00007ffa0872f000 	C:\WINDOWS\system32\SHELL32.dll
0x00007ffa05ba0000 - 0x00007ffa061e4000 	C:\WINDOWS\system32\windows.storage.dll
0x00007ffa087f0000 - 0x00007ffa08842000 	C:\WINDOWS\system32\shlwapi.dll
0x00007ffa05a10000 - 0x00007ffa05a1f000 	C:\WINDOWS\system32\kernel.appcore.dll
0x00007ffa05ae0000 - 0x00007ffa05b95000 	C:\WINDOWS\system32\shcore.dll
0x00007ffa05a30000 - 0x00007ffa05a7b000 	C:\WINDOWS\system32\powrprof.dll
0x00007ffa059f0000 - 0x00007ffa05a04000 	C:\WINDOWS\system32\profapi.dll

VM Arguments:
jvm_args: -Djava.awt.headless=true -Xmx1024M -Dfile.encoding=GBK -Duser.country=CN -Duser.language=zh -Duser.variant 
java_command: com.android.dx.command.Main --dex --force-jumbo --num-threads=4 --multi-dex --output E:\newsDay\app\build\intermediates\transforms\dex\debug\folders\1000\10\okhttp-3.4.1_a3a718343956c6e4d917a53a4fdd4a4dc134cda5 C:\Users\Administrator\.gradle\caches\modules-2\files-2.1\com.squareup.okhttp3\okhttp\3.4.1\c7c4f9e35c2fd5900da24f9872e3971801f08ce0\okhttp-3.4.1.jar
java_class_path (initial): E:\Users\Administrator\AppData\Local\Android\sdk\build-tools\24.0.0\lib\dx.jar
Launcher Type: SUN_STANDARD

Environment Variables:
JAVA_HOME=E:\Program Files\Java\jdk1.8.0_77
CLASSPATH=E:\Program Files\Java\jdk1.8.0_77\lib\dt.jar;E:\Program Files\Java\jdk1.8.0_77\lib\tools.jar
PATH=C:\ProgramData\Oracle\Java\javapath;C:\WINDOWS\system32;C:\WINDOWS;C:\WINDOWS\System32\Wbem;C:\WINDOWS\System32\WindowsPowerShell\v1.0\;C:\Program Files\TortoiseSVN\bin;E:\Program Files\Git\cmd;E:\Program Files\Java\jdk1.8.0_77\bin;E:\Users\Administrator\AppData\Local\Android\sdk\platform-tools;
USERNAME=Administrator
OS=Windows_NT
PROCESSOR_IDENTIFIER=Intel64 Family 6 Model 60 Stepping 3, GenuineIntel



---------------  S Y S T E M  ---------------

OS: Windows 10.0 , 64 bit Build 10586 (10.0.10586.0)

CPU:total 2 (2 cores per cpu, 1 threads per core) family 6 model 60 stepping 3, cmov, cx8, fxsr, mmx, sse, sse2, sse3, ssse3, sse4.1, sse4.2, popcnt, clmul, erms, lzcnt, tsc, tscinvbit

Memory: 4k page, physical 8286208k(1158916k free), swap 8286208k(4380k free)

vm_info: Java HotSpot(TM) 64-Bit Server VM (25.77-b03) for windows-amd64 JRE (1.8.0_77-b03), built on Mar 20 2016 22:01:33 by "java_re" with MS VC++ 10.0 (VS2010)

time: Thu Aug 11 16:23:53 2016
elapsed time: 2 seconds (0d 0h 0m 2s)

