#
# There is insufficient memory for the Java Runtime Environment to continue.
# Native memory allocation (malloc) failed to allocate 65552 bytes for Chunk::new
# Possible reasons:
#   The system is out of physical RAM or swap space
#   In 32 bit mode, the process size limit was hit
# Possible solutions:
#   Reduce memory load on the system
#   Increase physical memory or swap space
#   Check if swap backing store is full
#   Use 64 bit Java on a 64 bit OS
#   Decrease Java heap size (-Xmx/-Xms)
#   Decrease number of Java threads
#   Decrease Java thread stack sizes (-Xss)
#   Set larger code cache with -XX:ReservedCodeCacheSize=
# This output file may be truncated or incomplete.
#
#  Out of Memory Error (allocation.cpp:390), pid=17780, tid=17376
#
# JRE version: Java(TM) SE Runtime Environment (8.0_77-b03) (build 1.8.0_77-b03)
# Java VM: Java HotSpot(TM) 64-Bit Server VM (25.77-b03 mixed mode windows-amd64 compressed oops)
# Failed to write core dump. Minidumps are not enabled by default on client versions of Windows
#

---------------  T H R E A D  ---------------

Current thread (0x0000000014a57800):  JavaThread "C2 CompilerThread0" daemon [_thread_in_native, id=17376, stack(0x0000000015940000,0x0000000015a40000)]

Stack: [0x0000000015940000,0x0000000015a40000]
[error occurred during error reporting (printing stack bounds), id 0xc0000005]

Native frames: (J=compiled Java code, j=interpreted, Vv=VM code, C=native code)


Current CompileTask:
C2:   1299  913       4       com.android.dx.ssa.SsaBasicBlock::forEachInsn (37 bytes)


---------------  P R O C E S S  ---------------

Java Threads: ( => current thread )
  0x0000000015cf2800 JavaThread "pool-2-thread-4" [_thread_blocked, id=15208, stack(0x0000000016540000,0x0000000016640000)]
  0x0000000015ced800 JavaThread "pool-2-thread-3" [_thread_in_Java, id=18816, stack(0x0000000016440000,0x0000000016540000)]
  0x0000000015ceb800 JavaThread "pool-2-thread-2" [_thread_in_Java, id=18112, stack(0x0000000016340000,0x0000000016440000)]
  0x0000000015ceb000 JavaThread "pool-3-thread-1" [_thread_blocked, id=17844, stack(0x0000000016240000,0x0000000016340000)]
  0x0000000015ce9800 JavaThread "pool-2-thread-1" [_thread_in_Java, id=19184, stack(0x0000000016140000,0x0000000016240000)]
  0x0000000015b58800 JavaThread "Service Thread" daemon [_thread_blocked, id=15380, stack(0x0000000015f40000,0x0000000016040000)]
  0x0000000014a5b800 JavaThread "C1 CompilerThread1" daemon [_thread_in_native, id=17280, stack(0x0000000015a40000,0x0000000015b40000)]
=>0x0000000014a57800 JavaThread "C2 CompilerThread0" daemon [_thread_in_native, id=17376, stack(0x0000000015940000,0x0000000015a40000)]
  0x0000000014a56800 JavaThread "Attach Listener" daemon [_thread_blocked, id=17972, stack(0x0000000015840000,0x0000000015940000)]
  0x0000000014a08000 JavaThread "Signal Dispatcher" daemon [_thread_blocked, id=17864, stack(0x0000000015740000,0x0000000015840000)]
  0x00000000149e8800 JavaThread "Finalizer" daemon [_thread_blocked, id=13356, stack(0x0000000015640000,0x0000000015740000)]
  0x000000000255c800 JavaThread "Reference Handler" daemon [_thread_blocked, id=16632, stack(0x0000000015540000,0x0000000015640000)]
  0x0000000002471000 JavaThread "main" [_thread_in_vm, id=18964, stack(0x00000000022d0000,0x00000000023d0000)]

Other Threads:
  0x00000000149c6000 VMThread [stack: 0x0000000015440000,0x0000000015540000] [id=11752]
  0x0000000015b72000 WatcherThread [stack: 0x0000000016040000,0x0000000016140000] [id=17032]

VM state:not at safepoint (normal execution)

VM Mutex/Monitor currently owned by a thread: None

Heap:
 PSYoungGen      total 38400K, used 23355K [0x00000000eab00000, 0x00000000ed580000, 0x0000000100000000)
  eden space 33280K, 70% used [0x00000000eab00000,0x00000000ec1cee50,0x00000000ecb80000)
  from space 5120K, 0% used [0x00000000ed080000,0x00000000ed080000,0x00000000ed580000)
  to   space 5120K, 0% used [0x00000000ecb80000,0x00000000ecb80000,0x00000000ed080000)
 ParOldGen       total 87552K, used 0K [0x00000000c0000000, 0x00000000c5580000, 0x00000000eab00000)
  object space 87552K, 0% used [0x00000000c0000000,0x00000000c0000000,0x00000000c5580000)
 Metaspace       used 5853K, capacity 6772K, committed 7040K, reserved 1056768K
  class space    used 599K, capacity 620K, committed 640K, reserved 1048576K

Card table byte_map: [0x0000000011930000,0x0000000011b40000] byte_map_base: 0x0000000011330000

Marking Bits: (ParMarkBitMap*) 0x0000000071a10600
 Begin Bits: [0x0000000011ea0000, 0x0000000012ea0000)
 End Bits:   [0x0000000012ea0000, 0x0000000013ea0000)

Polling page: 0x00000000004e0000

CodeCache: size=245760Kb used=3749Kb max_used=3749Kb free=242010Kb
 bounds [0x0000000002570000, 0x0000000002920000, 0x0000000011570000]
 total_blobs=1186 nmethods=916 adapters=184
 compilation: enabled

Compilation events (10 events):
Event: 1.298 Thread 0x0000000014a5b800 nmethod 904 0x0000000002916710 code [0x00000000029168e0, 0x0000000002916f28]
Event: 1.298 Thread 0x0000000014a5b800  924       2       com.android.dx.ssa.PhiInsn::hasSideEffect (19 bytes)
Event: 1.298 Thread 0x0000000014a5b800 nmethod 924 0x0000000002917750 code [0x00000000029178a0, 0x0000000002917a50]
Event: 1.298 Thread 0x0000000014a5b800  915       2       java.util.BitSet::checkRange (104 bytes)
Event: 1.298 Thread 0x0000000014a5b800 nmethod 915 0x0000000002917b10 code [0x0000000002917d60, 0x00000000029186f8]
Event: 1.298 Thread 0x0000000014a5b800  905       2       com.android.dx.cf.code.RopperMachine::startBlock (48 bytes)
Event: 1.299 Thread 0x0000000014a5b800 nmethod 905 0x0000000002918d90 code [0x0000000002918f00, 0x00000000029190c8]
Event: 1.299 Thread 0x0000000014a5b800  906       2       com.android.dx.cf.code.Frame::copy (26 bytes)
Event: 1.299 Thread 0x0000000014a5b800 nmethod 906 0x0000000002919190 code [0x0000000002919320, 0x0000000002919568]
Event: 1.299 Thread 0x0000000014a5b800  907       2       com.android.dx.cf.code.OneLocalsArray::copy (5 bytes)

GC Heap History (0 events):
No events

Deoptimization events (7 events):
Event: 1.211 Thread 0x0000000015ce9800 Uncommon trap: reason=unstable_if action=reinterpret pc=0x00000000027d36f0 method=java.util.BitSet.nextSetBit(I)I @ 87
Event: 1.245 Thread 0x0000000015cf2800 Uncommon trap: reason=class_check action=maybe_recompile pc=0x00000000028b2e70 method=com.android.dx.ssa.NormalSsaInsn.accept(Lcom/android/dx/ssa/SsaInsn$Visitor;)V @ 9
Event: 1.245 Thread 0x0000000015cf2800 Uncommon trap: reason=class_check action=maybe_recompile pc=0x00000000028b2e70 method=com.android.dx.ssa.NormalSsaInsn.accept(Lcom/android/dx/ssa/SsaInsn$Visitor;)V @ 9
Event: 1.245 Thread 0x0000000015cf2800 Uncommon trap: reason=class_check action=maybe_recompile pc=0x00000000028b2e70 method=com.android.dx.ssa.NormalSsaInsn.accept(Lcom/android/dx/ssa/SsaInsn$Visitor;)V @ 9
Event: 1.245 Thread 0x0000000015cf2800 Uncommon trap: reason=class_check action=maybe_recompile pc=0x00000000028b2e70 method=com.android.dx.ssa.NormalSsaInsn.accept(Lcom/android/dx/ssa/SsaInsn$Visitor;)V @ 9
Event: 1.245 Thread 0x0000000015cf2800 Uncommon trap: reason=class_check action=maybe_recompile pc=0x0000000002856a70 method=com.android.dx.ssa.NormalSsaInsn.accept(Lcom/android/dx/ssa/SsaInsn$Visitor;)V @ 9
Event: 1.260 Thread 0x0000000015ced800 Uncommon trap: reason=unstable_if action=reinterpret pc=0x0000000002846f34 method=java.util.BitSet.ensureCapacity(I)V @ 6

Internal exceptions (2 events):
Event: 0.028 Thread 0x0000000002471000 Exception <a 'java/lang/NoSuchMethodError': Method sun.misc.Unsafe.defineClass(Ljava/lang/String;[BII)Ljava/lang/Class; name or signature does not match> (0x00000000eab07cc0) thrown at [D:\re\workspace\8-2-build-windows-amd64-cygwin\jdk8u77\6540\hotspot\sr‘û²iœ?
Event: 0.028 Thread 0x0000000002471000 Exception <a 'java/lang/NoSuchMethodError': Method sun.misc.Unsafe.prefetchRead(Ljava/lang/Object;J)V name or signature does not match> (0x00000000eab07fa8) thrown at [D:\re\workspace\8-2-build-windows-amd64-cygwin\jdk8u77\6540\hotspot\src\share\vm\prims\j

Events (10 events):
Event: 1.245 Thread 0x0000000015cf2800 Uncommon trap: trap_request=0xffffffde fr.pc=0x0000000002856a70
Event: 1.245 Thread 0x0000000015cf2800 DEOPT PACKING pc=0x0000000002856a70 sp=0x000000001663ead0
Event: 1.245 Thread 0x0000000015cf2800 DEOPT UNPACKING pc=0x00000000025b582a sp=0x000000001663ea70 mode 2
Event: 1.260 loading class com/android/dx/cf/code/BytecodeArray$ConstantParserVisitor
Event: 1.260 loading class com/android/dx/cf/code/BytecodeArray$ConstantParserVisitor done
Event: 1.260 Thread 0x0000000015ced800 Uncommon trap: trap_request=0xffffff65 fr.pc=0x0000000002846f34
Event: 1.260 Thread 0x0000000015ced800 DEOPT PACKING pc=0x0000000002846f34 sp=0x000000001653e970
Event: 1.260 Thread 0x0000000015ced800 DEOPT UNPACKING pc=0x00000000025b582a sp=0x000000001653e858 mode 2
Event: 1.270 loading class java/util/DualPivotQuicksort
Event: 1.270 loading class java/util/DualPivotQuicksort done


Dynamic libraries:
0x00007ff7b50f0000 - 0x00007ff7b5127000 	E:\Program Files\Java\jdk1.8.0_77\bin\java.exe
0x00007ffa093f0000 - 0x00007ffa095b1000 	C:\WINDOWS\SYSTEM32\ntdll.dll
0x00007ffa08a60000 - 0x00007ffa08b0d000 	C:\WINDOWS\system32\KERNEL32.DLL
0x00007ffa063c0000 - 0x00007ffa065a8000 	C:\WINDOWS\system32\KERNELBASE.dll
0x00007ffa08b80000 - 0x00007ffa08c27000 	C:\WINDOWS\system32\ADVAPI32.dll
0x00007ffa06a50000 - 0x00007ffa06aed000 	C:\WINDOWS\system32\msvcrt.dll
0x00007ffa08790000 - 0x00007ffa087eb000 	C:\WINDOWS\system32\sechost.dll
0x00007ffa09170000 - 0x00007ffa0928c000 	C:\WINDOWS\system32\RPCRT4.dll
0x00007ffa07010000 - 0x00007ffa07166000 	C:\WINDOWS\system32\USER32.dll
0x00007ffa08c30000 - 0x00007ffa08db6000 	C:\WINDOWS\system32\GDI32.dll
0x00007ff9fa9f0000 - 0x00007ff9fac64000 	C:\WINDOWS\WinSxS\amd64_microsoft.windows.common-controls_6595b64144ccf1df_6.0.10586.0_none_8c15ae12515e1c22\COMCTL32.dll
0x00007ffa067d0000 - 0x00007ffa06a4d000 	C:\WINDOWS\system32\combase.dll
0x00007ffa066b0000 - 0x00007ffa0671a000 	C:\WINDOWS\system32\bcryptPrimitives.dll
0x00007ffa07170000 - 0x00007ffa071ab000 	C:\WINDOWS\system32\IMM32.DLL
0x0000000071120000 - 0x00000000711f2000 	E:\Program Files\Java\jdk1.8.0_77\jre\bin\msvcr100.dll
0x0000000071200000 - 0x0000000071a90000 	E:\Program Files\Java\jdk1.8.0_77\jre\bin\server\jvm.dll
0x00007ffa093e0000 - 0x00007ffa093e8000 	C:\WINDOWS\system32\PSAPI.DLL
0x00007ff9ecb80000 - 0x00007ff9ecb89000 	C:\WINDOWS\SYSTEM32\WSOCK32.dll
0x00007ffa06f80000 - 0x00007ffa06feb000 	C:\WINDOWS\system32\WS2_32.dll
0x00007ffa03c70000 - 0x00007ffa03c93000 	C:\WINDOWS\SYSTEM32\WINMM.dll
0x00007ff9fa170000 - 0x00007ff9fa17a000 	C:\WINDOWS\SYSTEM32\VERSION.dll
0x00007ffa03c10000 - 0x00007ffa03c3c000 	C:\WINDOWS\SYSTEM32\WINMMBASE.dll
0x00007ffa06660000 - 0x00007ffa066a3000 	C:\WINDOWS\system32\cfgmgr32.dll
0x0000000071110000 - 0x000000007111f000 	E:\Program Files\Java\jdk1.8.0_77\jre\bin\verify.dll
0x00000000710e0000 - 0x0000000071109000 	E:\Program Files\Java\jdk1.8.0_77\jre\bin\java.dll
0x00000000710c0000 - 0x00000000710d6000 	E:\Program Files\Java\jdk1.8.0_77\jre\bin\zip.dll
0x00007ffa071d0000 - 0x00007ffa0872f000 	C:\WINDOWS\system32\SHELL32.dll
0x00007ffa05ba0000 - 0x00007ffa061e4000 	C:\WINDOWS\system32\windows.storage.dll
0x00007ffa087f0000 - 0x00007ffa08842000 	C:\WINDOWS\system32\shlwapi.dll
0x00007ffa05a10000 - 0x00007ffa05a1f000 	C:\WINDOWS\system32\kernel.appcore.dll
0x00007ffa05ae0000 - 0x00007ffa05b95000 	C:\WINDOWS\system32\shcore.dll
0x00007ffa05a30000 - 0x00007ffa05a7b000 	C:\WINDOWS\system32\powrprof.dll
0x00007ffa059f0000 - 0x00007ffa05a04000 	C:\WINDOWS\system32\profapi.dll

VM Arguments:
jvm_args: -Djava.awt.headless=true -Xmx1024M -Dfile.encoding=GBK -Duser.country=CN -Duser.language=zh -Duser.variant 
java_command: com.android.dx.command.Main --dex --force-jumbo --num-threads=4 --multi-dex --output E:\newsDay\app\build\intermediates\transforms\dex\debug\folders\1000\10\library-2.4.0_dd460f45d27a359687729c3c169358b1eda3100b C:\Users\Administrator\.gradle\caches\modules-2\files-2.1\com.nineoldandroids\library\2.4.0\e9b63380f3a242dbdbf103a2355ad7e43bad17cb\library-2.4.0.jar
java_class_path (initial): E:\Users\Administrator\AppData\Local\Android\sdk\build-tools\24.0.0\lib\dx.jar
Launcher Type: SUN_STANDARD

Environment Variables:
JAVA_HOME=E:\Program Files\Java\jdk1.8.0_77
CLASSPATH=E:\Program Files\Java\jdk1.8.0_77\lib\dt.jar;E:\Program Files\Java\jdk1.8.0_77\lib\tools.jar
PATH=C:\ProgramData\Oracle\Java\javapath;C:\WINDOWS\system32;C:\WINDOWS;C:\WINDOWS\System32\Wbem;C:\WINDOWS\System32\WindowsPowerShell\v1.0\;C:\Program Files\TortoiseSVN\bin;E:\Program Files\Git\cmd;E:\Program Files\Java\jdk1.8.0_77\bin;E:\Users\Administrator\AppData\Local\Android\sdk\platform-tools;
USERNAME=Administrator
OS=Windows_NT
PROCESSOR_IDENTIFIER=Intel64 Family 6 Model 60 Stepping 3, GenuineIntel



---------------  S Y S T E M  ---------------

OS: Windows 10.0 , 64 bit Build 10586 (10.0.10586.0)

CPU:total 2 (2 cores per cpu, 1 threads per core) family 6 model 60 stepping 3, cmov, cx8, fxsr, mmx, sse, sse2, sse3, ssse3, sse4.1, sse4.2, popcnt, clmul, erms, lzcnt, tsc, tscinvbit

Memory: 4k page, physical 8286208k(1142228k free), swap 8286208k(5136k free)

vm_info: Java HotSpot(TM) 64-Bit Server VM (25.77-b03) for windows-amd64 JRE (1.8.0_77-b03), built on Mar 20 2016 22:01:33 by "java_re" with MS VC++ 10.0 (VS2010)

time: Thu Aug 11 16:23:41 2016
elapsed time: 1 seconds (0d 0h 0m 1s)

