#
# There is insufficient memory for the Java Runtime Environment to continue.
# Native memory allocation (malloc) failed to allocate 1546736 bytes for Chunk::new
# Possible reasons:
#   The system is out of physical RAM or swap space
#   In 32 bit mode, the process size limit was hit
# Possible solutions:
#   Reduce memory load on the system
#   Increase physical memory or swap space
#   Check if swap backing store is full
#   Use 64 bit Java on a 64 bit OS
#   Decrease Java heap size (-Xmx/-Xms)
#   Decrease number of Java threads
#   Decrease Java thread stack sizes (-Xss)
#   Set larger code cache with -XX:ReservedCodeCacheSize=
# This output file may be truncated or incomplete.
#
#  Out of Memory Error (allocation.cpp:390), pid=18888, tid=18980
#
# JRE version: Java(TM) SE Runtime Environment (8.0_77-b03) (build 1.8.0_77-b03)
# Java VM: Java HotSpot(TM) 64-Bit Server VM (25.77-b03 mixed mode windows-amd64 compressed oops)
# Failed to write core dump. Minidumps are not enabled by default on client versions of Windows
#

---------------  T H R E A D  ---------------

Current thread (0x0000000014ab7000):  JavaThread "C2 CompilerThread0" daemon [_thread_in_native, id=18980, stack(0x00000000159a0000,0x0000000015aa0000)]

Stack: [0x00000000159a0000,0x0000000015aa0000]
[error occurred during error reporting (printing stack bounds), id 0xc0000005]

Native frames: (J=compiled Java code, j=interpreted, Vv=VM code, C=native code)


Current CompileTask:
C2:   5117 1955   !   4       com.android.dx.cf.cst.ConstantPoolParser::parse0 (731 bytes)


---------------  P R O C E S S  ---------------

Java Threads: ( => current thread )
  0x0000000015de7800 JavaThread "pool-2-thread-4" [_thread_in_Java, id=13356, stack(0x00000000165a0000,0x00000000166a0000)]
  0x0000000015dd7000 JavaThread "pool-2-thread-3" [_thread_blocked, id=16632, stack(0x00000000164a0000,0x00000000165a0000)]
  0x0000000015dd5800 JavaThread "pool-2-thread-2" [_thread_in_Java, id=11752, stack(0x00000000163a0000,0x00000000164a0000)]
  0x0000000015e00000 JavaThread "pool-3-thread-1" [_thread_blocked, id=11932, stack(0x00000000162a0000,0x00000000163a0000)]
  0x0000000015dff800 JavaThread "pool-2-thread-1" [_thread_blocked, id=16068, stack(0x00000000161a0000,0x00000000162a0000)]
  0x0000000014afd800 JavaThread "Service Thread" daemon [_thread_blocked, id=18668, stack(0x0000000015fa0000,0x00000000160a0000)]
  0x0000000014aba800 JavaThread "C1 CompilerThread1" daemon [_thread_blocked, id=19284, stack(0x0000000015aa0000,0x0000000015ba0000)]
=>0x0000000014ab7000 JavaThread "C2 CompilerThread0" daemon [_thread_in_native, id=18980, stack(0x00000000159a0000,0x0000000015aa0000)]
  0x0000000014a69800 JavaThread "Attach Listener" daemon [_thread_blocked, id=18456, stack(0x00000000158a0000,0x00000000159a0000)]
  0x0000000014a68000 JavaThread "Signal Dispatcher" daemon [_thread_blocked, id=18760, stack(0x00000000157a0000,0x00000000158a0000)]
  0x0000000014a48800 JavaThread "Finalizer" daemon [_thread_blocked, id=19364, stack(0x00000000156a0000,0x00000000157a0000)]
  0x00000000025bc800 JavaThread "Reference Handler" daemon [_thread_blocked, id=13248, stack(0x00000000155a0000,0x00000000156a0000)]
  0x00000000024d1000 JavaThread "main" [_thread_blocked, id=19328, stack(0x0000000002390000,0x0000000002490000)]

Other Threads:
  0x0000000014a26000 VMThread [stack: 0x00000000154a0000,0x00000000155a0000] [id=19192]
  0x0000000015bf7000 WatcherThread [stack: 0x00000000160a0000,0x00000000161a0000] [id=19060]

VM state:not at safepoint (normal execution)

VM Mutex/Monitor currently owned by a thread: None

Heap:
 PSYoungGen      total 38400K, used 23947K [0x00000000eab00000, 0x00000000ed580000, 0x0000000100000000)
  eden space 33280K, 56% used [0x00000000eab00000,0x00000000ebd66720,0x00000000ecb80000)
  from space 5120K, 99% used [0x00000000ed080000,0x00000000ed57c6a8,0x00000000ed580000)
  to   space 5120K, 0% used [0x00000000ecb80000,0x00000000ecb80000,0x00000000ed080000)
 ParOldGen       total 87552K, used 35787K [0x00000000c0000000, 0x00000000c5580000, 0x00000000eab00000)
  object space 87552K, 40% used [0x00000000c0000000,0x00000000c22f2c10,0x00000000c5580000)
 Metaspace       used 6494K, capacity 7222K, committed 7296K, reserved 1056768K
  class space    used 609K, capacity 622K, committed 640K, reserved 1048576K

Card table byte_map: [0x0000000011990000,0x0000000011ba0000] byte_map_base: 0x0000000011390000

Marking Bits: (ParMarkBitMap*) 0x0000000071a10600
 Begin Bits: [0x0000000011f00000, 0x0000000012f00000)
 End Bits:   [0x0000000012f00000, 0x0000000013f00000)

Polling page: 0x0000000000410000

CodeCache: size=245760Kb used=7983Kb max_used=7983Kb free=237776Kb
 bounds [0x00000000025d0000, 0x0000000002db0000, 0x00000000115d0000]
 total_blobs=2203 nmethods=1932 adapters=184
 compilation: enabled

Compilation events (10 events):
Event: 5.109 Thread 0x0000000014aba800 1975       2       com.android.dx.cf.direct.DirectClassFile::<init> (53 bytes)
Event: 5.109 Thread 0x0000000014aba800 nmethod 1975 0x0000000002d9e910 code [0x0000000002d9eaa0, 0x0000000002d9ed78]
Event: 5.109 Thread 0x0000000014aba800 1976       2       com.android.dx.cf.cst.ConstantPoolParser::<init> (41 bytes)
Event: 5.109 Thread 0x0000000014aba800 nmethod 1976 0x0000000002d9eed0 code [0x0000000002d9f040, 0x0000000002d9f3b8]
Event: 5.110 Thread 0x0000000014aba800 1977       2       com.android.dx.rop.type.Type::getClassName (94 bytes)
Event: 5.110 Thread 0x0000000014aba800 nmethod 1977 0x0000000002d9f610 code [0x0000000002d9f7e0, 0x0000000002d9fcf8]
Event: 5.110 Thread 0x0000000014aba800 1978   !   2       com.android.dx.command.dexer.Main$DirectClassFileConsumer::call (352 bytes)
Event: 5.112 Thread 0x0000000014aba800 nmethod 1978 0x0000000002da0010 code [0x0000000002da02c0, 0x0000000002da1348]
Event: 5.113 Thread 0x0000000014aba800 1979   !   2       com.android.dx.command.dexer.Main::translateClass (65 bytes)
Event: 5.114 Thread 0x0000000014aba800 nmethod 1979 0x0000000002da2750 code [0x0000000002da2900, 0x0000000002da2d68]

GC Heap History (10 events):
Event: 3.111 GC heap before
{Heap before GC invocations=4 (full 0):
 PSYoungGen      total 38400K, used 38378K [0x00000000eab00000, 0x00000000ed580000, 0x0000000100000000)
  eden space 33280K, 100% used [0x00000000eab00000,0x00000000ecb80000,0x00000000ecb80000)
  from space 5120K, 99% used [0x00000000ecb80000,0x00000000ed07a900,0x00000000ed080000)
  to   space 5120K, 0% used [0x00000000ed080000,0x00000000ed080000,0x00000000ed580000)
 ParOldGen       total 87552K, used 8503K [0x00000000c0000000, 0x00000000c5580000, 0x00000000eab00000)
  object space 87552K, 9% used [0x00000000c0000000,0x00000000c084dfe8,0x00000000c5580000)
 Metaspace       used 6321K, capacity 7158K, committed 7296K, reserved 1056768K
  class space    used 609K, capacity 622K, committed 640K, reserved 1048576K
Event: 3.143 GC heap after
Heap after GC invocations=4 (full 0):
 PSYoungGen      total 38400K, used 5104K [0x00000000eab00000, 0x00000000ed580000, 0x0000000100000000)
  eden space 33280K, 0% used [0x00000000eab00000,0x00000000eab00000,0x00000000ecb80000)
  from space 5120K, 99% used [0x00000000ed080000,0x00000000ed57c2e0,0x00000000ed580000)
  to   space 5120K, 0% used [0x00000000ecb80000,0x00000000ecb80000,0x00000000ed080000)
 ParOldGen       total 87552K, used 13698K [0x00000000c0000000, 0x00000000c5580000, 0x00000000eab00000)
  object space 87552K, 15% used [0x00000000c0000000,0x00000000c0d60b90,0x00000000c5580000)
 Metaspace       used 6321K, capacity 7158K, committed 7296K, reserved 1056768K
  class space    used 609K, capacity 622K, committed 640K, reserved 1048576K
}
Event: 3.757 GC heap before
{Heap before GC invocations=5 (full 0):
 PSYoungGen      total 38400K, used 38384K [0x00000000eab00000, 0x00000000ed580000, 0x0000000100000000)
  eden space 33280K, 100% used [0x00000000eab00000,0x00000000ecb80000,0x00000000ecb80000)
  from space 5120K, 99% used [0x00000000ed080000,0x00000000ed57c2e0,0x00000000ed580000)
  to   space 5120K, 0% used [0x00000000ecb80000,0x00000000ecb80000,0x00000000ed080000)
 ParOldGen       total 87552K, used 13698K [0x00000000c0000000, 0x00000000c5580000, 0x00000000eab00000)
  object space 87552K, 15% used [0x00000000c0000000,0x00000000c0d60b90,0x00000000c5580000)
 Metaspace       used 6359K, capacity 7158K, committed 7296K, reserved 1056768K
  class space    used 609K, capacity 622K, committed 640K, reserved 1048576K
Event: 3.782 GC heap after
Heap after GC invocations=5 (full 0):
 PSYoungGen      total 38400K, used 5088K [0x00000000eab00000, 0x00000000ed580000, 0x0000000100000000)
  eden space 33280K, 0% used [0x00000000eab00000,0x00000000eab00000,0x00000000ecb80000)
  from space 5120K, 99% used [0x00000000ecb80000,0x00000000ed0782f0,0x00000000ed080000)
  to   space 5120K, 0% used [0x00000000ed080000,0x00000000ed080000,0x00000000ed580000)
 ParOldGen       total 87552K, used 19131K [0x00000000c0000000, 0x00000000c5580000, 0x00000000eab00000)
  object space 87552K, 21% used [0x00000000c0000000,0x00000000c12aee90,0x00000000c5580000)
 Metaspace       used 6359K, capacity 7158K, committed 7296K, reserved 1056768K
  class space    used 609K, capacity 622K, committed 640K, reserved 1048576K
}
Event: 4.039 GC heap before
{Heap before GC invocations=6 (full 0):
 PSYoungGen      total 38400K, used 38368K [0x00000000eab00000, 0x00000000ed580000, 0x0000000100000000)
  eden space 33280K, 100% used [0x00000000eab00000,0x00000000ecb80000,0x00000000ecb80000)
  from space 5120K, 99% used [0x00000000ecb80000,0x00000000ed0782f0,0x00000000ed080000)
  to   space 5120K, 0% used [0x00000000ed080000,0x00000000ed080000,0x00000000ed580000)
 ParOldGen       total 87552K, used 19131K [0x00000000c0000000, 0x00000000c5580000, 0x00000000eab00000)
  object space 87552K, 21% used [0x00000000c0000000,0x00000000c12aee90,0x00000000c5580000)
 Metaspace       used 6397K, capacity 7158K, committed 7296K, reserved 1056768K
  class space    used 609K, capacity 622K, committed 640K, reserved 1048576K
Event: 4.171 GC heap after
Heap after GC invocations=6 (full 0):
 PSYoungGen      total 38400K, used 5104K [0x00000000eab00000, 0x00000000ed580000, 0x0000000100000000)
  eden space 33280K, 0% used [0x00000000eab00000,0x00000000eab00000,0x00000000ecb80000)
  from space 5120K, 99% used [0x00000000ed080000,0x00000000ed57c2e0,0x00000000ed580000)
  to   space 5120K, 0% used [0x00000000ecb80000,0x00000000ecb80000,0x00000000ed080000)
 ParOldGen       total 87552K, used 24495K [0x00000000c0000000, 0x00000000c5580000, 0x00000000eab00000)
  object space 87552K, 27% used [0x00000000c0000000,0x00000000c17ebf58,0x00000000c5580000)
 Metaspace       used 6397K, capacity 7158K, committed 7296K, reserved 1056768K
  class space    used 609K, capacity 622K, committed 640K, reserved 1048576K
}
Event: 4.757 GC heap before
{Heap before GC invocations=7 (full 0):
 PSYoungGen      total 38400K, used 38384K [0x00000000eab00000, 0x00000000ed580000, 0x0000000100000000)
  eden space 33280K, 100% used [0x00000000eab00000,0x00000000ecb80000,0x00000000ecb80000)
  from space 5120K, 99% used [0x00000000ed080000,0x00000000ed57c2e0,0x00000000ed580000)
  to   space 5120K, 0% used [0x00000000ecb80000,0x00000000ecb80000,0x00000000ed080000)
 ParOldGen       total 87552K, used 24495K [0x00000000c0000000, 0x00000000c5580000, 0x00000000eab00000)
  object space 87552K, 27% used [0x00000000c0000000,0x00000000c17ebf58,0x00000000c5580000)
 Metaspace       used 6480K, capacity 7222K, committed 7296K, reserved 1056768K
  class space    used 609K, capacity 622K, committed 640K, reserved 1048576K
Event: 4.820 GC heap after
Heap after GC invocations=7 (full 0):
 PSYoungGen      total 38400K, used 5104K [0x00000000eab00000, 0x00000000ed580000, 0x0000000100000000)
  eden space 33280K, 0% used [0x00000000eab00000,0x00000000eab00000,0x00000000ecb80000)
  from space 5120K, 99% used [0x00000000ecb80000,0x00000000ed07c030,0x00000000ed080000)
  to   space 5120K, 0% used [0x00000000ed080000,0x00000000ed080000,0x00000000ed580000)
 ParOldGen       total 87552K, used 30474K [0x00000000c0000000, 0x00000000c5580000, 0x00000000eab00000)
  object space 87552K, 34% used [0x00000000c0000000,0x00000000c1dc2ac8,0x00000000c5580000)
 Metaspace       used 6480K, capacity 7222K, committed 7296K, reserved 1056768K
  class space    used 609K, capacity 622K, committed 640K, reserved 1048576K
}
Event: 5.015 GC heap before
{Heap before GC invocations=8 (full 0):
 PSYoungGen      total 38400K, used 38384K [0x00000000eab00000, 0x00000000ed580000, 0x0000000100000000)
  eden space 33280K, 100% used [0x00000000eab00000,0x00000000ecb80000,0x00000000ecb80000)
  from space 5120K, 99% used [0x00000000ecb80000,0x00000000ed07c030,0x00000000ed080000)
  to   space 5120K, 0% used [0x00000000ed080000,0x00000000ed080000,0x00000000ed580000)
 ParOldGen       total 87552K, used 30474K [0x00000000c0000000, 0x00000000c5580000, 0x00000000eab00000)
  object space 87552K, 34% used [0x00000000c0000000,0x00000000c1dc2ac8,0x00000000c5580000)
 Metaspace       used 6486K, capacity 7222K, committed 7296K, reserved 1056768K
  class space    used 609K, capacity 622K, committed 640K, reserved 1048576K
Event: 5.035 GC heap after
Heap after GC invocations=8 (full 0):
 PSYoungGen      total 38400K, used 5105K [0x00000000eab00000, 0x00000000ed580000, 0x0000000100000000)
  eden space 33280K, 0% used [0x00000000eab00000,0x00000000eab00000,0x00000000ecb80000)
  from space 5120K, 99% used [0x00000000ed080000,0x00000000ed57c6a8,0x00000000ed580000)
  to   space 5120K, 0% used [0x00000000ecb80000,0x00000000ecb80000,0x00000000ed080000)
 ParOldGen       total 87552K, used 35787K [0x00000000c0000000, 0x00000000c5580000, 0x00000000eab00000)
  object space 87552K, 40% used [0x00000000c0000000,0x00000000c22f2c10,0x00000000c5580000)
 Metaspace       used 6486K, capacity 7222K, committed 7296K, reserved 1056768K
  class space    used 609K, capacity 622K, committed 640K, reserved 1048576K
}

Deoptimization events (10 events):
Event: 1.856 Thread 0x00000000024d1000 Uncommon trap: reason=bimorphic action=maybe_recompile pc=0x00000000029114a8 method=java.util.HashMap.getNode(ILjava/lang/Object;)Ljava/util/HashMap$Node; @ 126
Event: 1.876 Thread 0x00000000024d1000 Uncommon trap: reason=unstable_if action=reinterpret pc=0x0000000002a6b11c method=com.android.dx.ssa.SsaMethod.updateOneDefinition(Lcom/android/dx/ssa/SsaInsn;Lcom/android/dx/rop/code/RegisterSpec;)V @ 4
Event: 1.964 Thread 0x0000000015dd7000 Uncommon trap: reason=unstable_if action=reinterpret pc=0x0000000002b88828 method=com.android.dx.ssa.SCCP.simulateStmt(Lcom/android/dx/ssa/SsaInsn;)V @ 59
Event: 3.593 Thread 0x0000000015de7800 Uncommon trap: reason=unstable_if action=reinterpret pc=0x0000000002a6bdfc method=com.android.dx.util.IntList.binarysearch(I)I @ 105
Event: 3.613 Thread 0x0000000015de7800 Uncommon trap: reason=bimorphic action=maybe_recompile pc=0x0000000002bba4ec method=com.android.dx.cf.code.BytecodeArray.parseInstruction(ILcom/android/dx/cf/code/BytecodeArray$Visitor;)I @ 1501
Event: 3.614 Thread 0x0000000015de7800 Uncommon trap: reason=bimorphic action=maybe_recompile pc=0x0000000002bba4ec method=com.android.dx.cf.code.BytecodeArray.parseInstruction(ILcom/android/dx/cf/code/BytecodeArray$Visitor;)I @ 1501
Event: 3.631 Thread 0x0000000015dd5800 Uncommon trap: reason=unstable_if action=reinterpret pc=0x0000000002b9e4f0 method=com.android.dx.ssa.SCCP.simulateBranch(Lcom/android/dx/ssa/SsaInsn;)V @ 64
Event: 3.935 Thread 0x0000000015dff800 Uncommon trap: reason=class_check action=maybe_recompile pc=0x0000000002b5413c method=java.util.HashMap.putVal(ILjava/lang/Object;Ljava/lang/Object;ZZ)Ljava/lang/Object; @ 203
Event: 4.177 Thread 0x0000000015dff800 Uncommon trap: reason=uninitialized action=reinterpret pc=0x0000000002cd0048 method=com.android.dx.cf.code.BytecodeArray.parseInstruction(ILcom/android/dx/cf/code/BytecodeArray$Visitor;)I @ 1079
Event: 4.915 Thread 0x0000000015dd5800 Uncommon trap: reason=unstable_if action=reinterpret pc=0x0000000002d19300 method=com.android.dx.rop.code.LocalItem.compareHandlesNulls(Lcom/android/dx/rop/cst/CstString;Lcom/android/dx/rop/cst/CstString;)I @ 14

Internal exceptions (4 events):
Event: 0.230 Thread 0x00000000024d1000 Exception <a 'java/lang/NoSuchMethodError': Method sun.misc.Unsafe.defineClass(Ljava/lang/String;[BII)Ljava/lang/Class; name or signature does not match> (0x00000000eab07cc0) thrown at [D:\re\workspace\8-2-build-windows-amd64-cygwin\jdk8u77\6540\hotspot\srÆ»ƒù$dÍ?
Event: 0.230 Thread 0x00000000024d1000 Exception <a 'java/lang/NoSuchMethodError': Method sun.misc.Unsafe.prefetchRead(Ljava/lang/Object;J)V name or signature does not match> (0x00000000eab07fa8) thrown at [D:\re\workspace\8-2-build-windows-amd64-cygwin\jdk8u77\6540\hotspot\src\share\vm\prims\jm¥ÝBõ?
Event: 1.329 Thread 0x0000000015dff800 Implicit null exception at 0x0000000002922462 to 0x0000000002922561
Event: 4.914 Thread 0x0000000015dd5800 Implicit null exception at 0x0000000002d17796 to 0x0000000002d192d5

Events (10 events):
Event: 4.971 Thread 0x0000000015dff800 DEOPT PACKING pc=0x0000000002a159c3 sp=0x000000001629e830
Event: 4.971 Thread 0x0000000015dff800 DEOPT UNPACKING pc=0x000000000261747f sp=0x000000001629e5b0 mode 0
Event: 5.006 Executing VM operation: ParallelGCFailedAllocation
Event: 5.035 Executing VM operation: ParallelGCFailedAllocation done
Event: 5.037 Thread 0x0000000015dd7000 DEOPT PACKING pc=0x0000000002a159c3 sp=0x000000001659ea00
Event: 5.037 Thread 0x0000000015dd7000 DEOPT UNPACKING pc=0x000000000261747f sp=0x000000001659e780 mode 0
Event: 5.044 Thread 0x0000000015dd5800 DEOPT PACKING pc=0x0000000002a07c81 sp=0x000000001649e9e0
Event: 5.044 Thread 0x0000000015dd5800 DEOPT UNPACKING pc=0x000000000261747f sp=0x000000001649e770 mode 0
Event: 5.096 Thread 0x0000000015dd5800 DEOPT PACKING pc=0x0000000002a159c3 sp=0x000000001649e940
Event: 5.096 Thread 0x0000000015dd5800 DEOPT UNPACKING pc=0x000000000261747f sp=0x000000001649e6c0 mode 0


Dynamic libraries:
0x00007ff7b50f0000 - 0x00007ff7b5127000 	E:\Program Files\Java\jdk1.8.0_77\bin\java.exe
0x00007ffa093f0000 - 0x00007ffa095b1000 	C:\WINDOWS\SYSTEM32\ntdll.dll
0x00007ffa08a60000 - 0x00007ffa08b0d000 	C:\WINDOWS\system32\KERNEL32.DLL
0x00007ffa063c0000 - 0x00007ffa065a8000 	C:\WINDOWS\system32\KERNELBASE.dll
0x00007ffa08b80000 - 0x00007ffa08c27000 	C:\WINDOWS\system32\ADVAPI32.dll
0x00007ffa06a50000 - 0x00007ffa06aed000 	C:\WINDOWS\system32\msvcrt.dll
0x00007ffa08790000 - 0x00007ffa087eb000 	C:\WINDOWS\system32\sechost.dll
0x00007ffa09170000 - 0x00007ffa0928c000 	C:\WINDOWS\system32\RPCRT4.dll
0x00007ffa07010000 - 0x00007ffa07166000 	C:\WINDOWS\system32\USER32.dll
0x00007ffa08c30000 - 0x00007ffa08db6000 	C:\WINDOWS\system32\GDI32.dll
0x00007ff9fa9f0000 - 0x00007ff9fac64000 	C:\WINDOWS\WinSxS\amd64_microsoft.windows.common-controls_6595b64144ccf1df_6.0.10586.0_none_8c15ae12515e1c22\COMCTL32.dll
0x00007ffa067d0000 - 0x00007ffa06a4d000 	C:\WINDOWS\system32\combase.dll
0x00007ffa066b0000 - 0x00007ffa0671a000 	C:\WINDOWS\system32\bcryptPrimitives.dll
0x00007ffa07170000 - 0x00007ffa071ab000 	C:\WINDOWS\system32\IMM32.DLL
0x0000000071120000 - 0x00000000711f2000 	E:\Program Files\Java\jdk1.8.0_77\jre\bin\msvcr100.dll
0x0000000071200000 - 0x0000000071a90000 	E:\Program Files\Java\jdk1.8.0_77\jre\bin\server\jvm.dll
0x00007ffa093e0000 - 0x00007ffa093e8000 	C:\WINDOWS\system32\PSAPI.DLL
0x00007ff9ecb80000 - 0x00007ff9ecb89000 	C:\WINDOWS\SYSTEM32\WSOCK32.dll
0x00007ffa06f80000 - 0x00007ffa06feb000 	C:\WINDOWS\system32\WS2_32.dll
0x00007ffa03c70000 - 0x00007ffa03c93000 	C:\WINDOWS\SYSTEM32\WINMM.dll
0x00007ff9fa170000 - 0x00007ff9fa17a000 	C:\WINDOWS\SYSTEM32\VERSION.dll
0x00007ffa03c10000 - 0x00007ffa03c3c000 	C:\WINDOWS\SYSTEM32\WINMMBASE.dll
0x00007ffa06660000 - 0x00007ffa066a3000 	C:\WINDOWS\system32\cfgmgr32.dll
0x0000000071110000 - 0x000000007111f000 	E:\Program Files\Java\jdk1.8.0_77\jre\bin\verify.dll
0x00000000710e0000 - 0x0000000071109000 	E:\Program Files\Java\jdk1.8.0_77\jre\bin\java.dll
0x00000000710c0000 - 0x00000000710d6000 	E:\Program Files\Java\jdk1.8.0_77\jre\bin\zip.dll
0x00007ffa071d0000 - 0x00007ffa0872f000 	C:\WINDOWS\system32\SHELL32.dll
0x00007ffa05ba0000 - 0x00007ffa061e4000 	C:\WINDOWS\system32\windows.storage.dll
0x00007ffa087f0000 - 0x00007ffa08842000 	C:\WINDOWS\system32\shlwapi.dll
0x00007ffa05a10000 - 0x00007ffa05a1f000 	C:\WINDOWS\system32\kernel.appcore.dll
0x00007ffa05ae0000 - 0x00007ffa05b95000 	C:\WINDOWS\system32\shcore.dll
0x00007ffa05a30000 - 0x00007ffa05a7b000 	C:\WINDOWS\system32\powrprof.dll
0x00007ffa059f0000 - 0x00007ffa05a04000 	C:\WINDOWS\system32\profapi.dll

VM Arguments:
jvm_args: -Djava.awt.headless=true -Xmx1024M -Dfile.encoding=GBK -Duser.country=CN -Duser.language=zh -Duser.variant 
java_command: com.android.dx.command.Main --dex --force-jumbo --num-threads=4 --multi-dex --output E:\newsDay\app\build\intermediates\transforms\dex\debug\folders\1000\10\com.android.support-support-v4-24.1.1_89125345aa21cd3040ae78a7bffbb1f2069cf7e1 E:\newsDay\app\build\intermediates\exploded-aar\com.android.support\support-v4\24.1.1\jars\classes.jar
java_class_path (initial): E:\Users\Administrator\AppData\Local\Android\sdk\build-tools\24.0.0\lib\dx.jar
Launcher Type: SUN_STANDARD

Environment Variables:
JAVA_HOME=E:\Program Files\Java\jdk1.8.0_77
CLASSPATH=E:\Program Files\Java\jdk1.8.0_77\lib\dt.jar;E:\Program Files\Java\jdk1.8.0_77\lib\tools.jar
PATH=C:\ProgramData\Oracle\Java\javapath;C:\WINDOWS\system32;C:\WINDOWS;C:\WINDOWS\System32\Wbem;C:\WINDOWS\System32\WindowsPowerShell\v1.0\;C:\Program Files\TortoiseSVN\bin;E:\Program Files\Git\cmd;E:\Program Files\Java\jdk1.8.0_77\bin;E:\Users\Administrator\AppData\Local\Android\sdk\platform-tools;
USERNAME=Administrator
OS=Windows_NT
PROCESSOR_IDENTIFIER=Intel64 Family 6 Model 60 Stepping 3, GenuineIntel



---------------  S Y S T E M  ---------------

OS: Windows 10.0 , 64 bit Build 10586 (10.0.10586.0)

CPU:total 2 (2 cores per cpu, 1 threads per core) family 6 model 60 stepping 3, cmov, cx8, fxsr, mmx, sse, sse2, sse3, ssse3, sse4.1, sse4.2, popcnt, clmul, erms, lzcnt, tsc, tscinvbit

Memory: 4k page, physical 8286208k(1054484k free), swap 8286208k(5948k free)

vm_info: Java HotSpot(TM) 64-Bit Server VM (25.77-b03) for windows-amd64 JRE (1.8.0_77-b03), built on Mar 20 2016 22:01:33 by "java_re" with MS VC++ 10.0 (VS2010)

time: Thu Aug 11 16:23:50 2016
elapsed time: 5 seconds (0d 0h 0m 5s)

