#
# There is insufficient memory for the Java Runtime Environment to continue.
# Native memory allocation (malloc) failed to allocate 366576 bytes for Chunk::new
# Possible reasons:
#   The system is out of physical RAM or swap space
#   In 32 bit mode, the process size limit was hit
# Possible solutions:
#   Reduce memory load on the system
#   Increase physical memory or swap space
#   Check if swap backing store is full
#   Use 64 bit Java on a 64 bit OS
#   Decrease Java heap size (-Xmx/-Xms)
#   Decrease number of Java threads
#   Decrease Java thread stack sizes (-Xss)
#   Set larger code cache with -XX:ReservedCodeCacheSize=
# This output file may be truncated or incomplete.
#
#  Out of Memory Error (allocation.cpp:390), pid=24376, tid=24464
#
# JRE version: Java(TM) SE Runtime Environment (8.0_77-b03) (build 1.8.0_77-b03)
# Java VM: Java HotSpot(TM) 64-Bit Server VM (25.77-b03 mixed mode windows-amd64 compressed oops)
# Failed to write core dump. Minidumps are not enabled by default on client versions of Windows
#

---------------  T H R E A D  ---------------

Current thread (0x0000000014b67000):  JavaThread "C2 CompilerThread0" daemon [_thread_in_native, id=24464, stack(0x0000000015a50000,0x0000000015b50000)]

Stack: [0x0000000015a50000,0x0000000015b50000]
[error occurred during error reporting (printing stack bounds), id 0xc0000005]

Native frames: (J=compiled Java code, j=interpreted, Vv=VM code, C=native code)


Current CompileTask:
C2:   2315  748       4       com.android.dx.ssa.SsaBasicBlock::forEachInsn (37 bytes)


---------------  P R O C E S S  ---------------

Java Threads: ( => current thread )
  0x0000000015d6f800 JavaThread "pool-2-thread-1" [_thread_blocked, id=24484, stack(0x0000000016350000,0x0000000016450000)]
  0x0000000015d6f000 JavaThread "pool-1-thread-1" [_thread_in_vm, id=24480, stack(0x0000000016250000,0x0000000016350000)]
  0x0000000015b68000 JavaThread "Service Thread" daemon [_thread_blocked, id=24472, stack(0x0000000016050000,0x0000000016150000)]
  0x0000000015b64000 JavaThread "C1 CompilerThread1" daemon [_thread_in_vm, id=24468, stack(0x0000000015f50000,0x0000000016050000)]
=>0x0000000014b67000 JavaThread "C2 CompilerThread0" daemon [_thread_in_native, id=24464, stack(0x0000000015a50000,0x0000000015b50000)]
  0x0000000014b66800 JavaThread "Attach Listener" daemon [_thread_blocked, id=24460, stack(0x0000000015950000,0x0000000015a50000)]
  0x0000000014b18000 JavaThread "Signal Dispatcher" daemon [_thread_blocked, id=24456, stack(0x0000000015850000,0x0000000015950000)]
  0x0000000014af8800 JavaThread "Finalizer" daemon [_thread_blocked, id=24452, stack(0x0000000015750000,0x0000000015850000)]
  0x000000000266c800 JavaThread "Reference Handler" daemon [_thread_blocked, id=24448, stack(0x0000000015650000,0x0000000015750000)]
  0x0000000002581000 JavaThread "main" [_thread_blocked, id=24428, stack(0x0000000000790000,0x0000000000890000)]

Other Threads:
  0x0000000014ad6000 VMThread [stack: 0x0000000015550000,0x0000000015650000] [id=24444]
  0x0000000015b8d000 WatcherThread [stack: 0x0000000016150000,0x0000000016250000] [id=24476]

VM state:not at safepoint (normal execution)

VM Mutex/Monitor currently owned by a thread: None

Heap:
 PSYoungGen      total 38400K, used 14269K [0x00000000eab00000, 0x00000000ed580000, 0x0000000100000000)
  eden space 33280K, 42% used [0x00000000eab00000,0x00000000eb8ef7f0,0x00000000ecb80000)
  from space 5120K, 0% used [0x00000000ed080000,0x00000000ed080000,0x00000000ed580000)
  to   space 5120K, 0% used [0x00000000ecb80000,0x00000000ecb80000,0x00000000ed080000)
 ParOldGen       total 87552K, used 0K [0x00000000c0000000, 0x00000000c5580000, 0x00000000eab00000)
  object space 87552K, 0% used [0x00000000c0000000,0x00000000c0000000,0x00000000c5580000)
 Metaspace       used 5819K, capacity 6710K, committed 6784K, reserved 1056768K
  class space    used 605K, capacity 622K, committed 640K, reserved 1048576K

Card table byte_map: [0x0000000011a40000,0x0000000011c50000] byte_map_base: 0x0000000011440000

Marking Bits: (ParMarkBitMap*) 0x0000000071a10600
 Begin Bits: [0x0000000011fb0000, 0x0000000012fb0000)
 End Bits:   [0x0000000012fb0000, 0x0000000013fb0000)

Polling page: 0x00000000004d0000

CodeCache: size=245760Kb used=3251Kb max_used=3251Kb free=242508Kb
 bounds [0x0000000002680000, 0x00000000029b0000, 0x0000000011680000]
 total_blobs=1019 nmethods=749 adapters=184
 compilation: enabled

Compilation events (10 events):
Event: 2.307 Thread 0x0000000015b64000 nmethod 738 0x000000000299a410 code [0x000000000299a5c0, 0x000000000299aaf8]
Event: 2.307 Thread 0x0000000015b64000  746       3       com.android.dx.cf.code.BaseMachine::getLocalTarget (151 bytes)
Event: 2.308 Thread 0x0000000015b64000 nmethod 746 0x0000000002998750 code [0x0000000002998a00, 0x0000000002999bc8]
Event: 2.308 Thread 0x0000000015b64000  745       1       com.android.dx.rop.cst.CstBaseMethodRef::getPrototype (5 bytes)
Event: 2.308 Thread 0x0000000015b64000 nmethod 745 0x00000000029305d0 code [0x0000000002930720, 0x0000000002930830]
Event: 2.308 Thread 0x0000000015b64000  743       1       com.android.dx.cf.attrib.AttCode::getCode (5 bytes)
Event: 2.308 Thread 0x0000000015b64000 nmethod 743 0x0000000002998490 code [0x00000000029985e0, 0x00000000029986f0]
Event: 2.308 Thread 0x0000000015b64000  749       1       com.android.dx.rop.code.RopMethod::getFirstLabel (5 bytes)
Event: 2.308 Thread 0x0000000015b64000 nmethod 749 0x00000000029981d0 code [0x0000000002998320, 0x0000000002998430]
Event: 2.308 Thread 0x0000000015b64000  750   !   3       com.android.dx.cf.code.Ropper::processBlock (1101 bytes)

GC Heap History (0 events):
No events

Deoptimization events (1 events):
Event: 2.246 Thread 0x0000000015d6f000 Uncommon trap: reason=unstable_if action=reinterpret pc=0x0000000002898778 method=java.util.HashMap.getNode(ILjava/lang/Object;)Ljava/util/HashMap$Node; @ 62

Internal exceptions (2 events):
Event: 1.356 Thread 0x0000000002581000 Exception <a 'java/lang/NoSuchMethodError': Method sun.misc.Unsafe.defineClass(Ljava/lang/String;[BII)Ljava/lang/Class; name or signature does not match> (0x00000000eab07cc0) thrown at [D:\re\workspace\8-2-build-windows-amd64-cygwin\jdk8u77\6540\hotspot\srò&e-¨°õ?
Event: 1.356 Thread 0x0000000002581000 Exception <a 'java/lang/NoSuchMethodError': Method sun.misc.Unsafe.prefetchRead(Ljava/lang/Object;J)V name or signature does not match> (0x00000000eab07fa8) thrown at [D:\re\workspace\8-2-build-windows-amd64-cygwin\jdk8u77\6540\hotspot\src\share\vm\prims\j

Events (10 events):
Event: 2.246 Thread 0x0000000015d6f000 DEOPT UNPACKING pc=0x00000000026c582a sp=0x000000001634e678 mode 2
Event: 2.250 loading class java/util/HashMap$Values
Event: 2.250 loading class java/util/HashMap$Values done
Event: 2.250 loading class java/util/HashMap$ValueIterator
Event: 2.250 loading class java/util/HashMap$ValueIterator done
Event: 2.256 loading class java/util/DualPivotQuicksort
Event: 2.256 loading class java/util/DualPivotQuicksort done
Event: 2.261 Thread 0x0000000015d7b000 Thread exited: 0x0000000015d7b000
Event: 2.263 loading class com/android/dx/dex/file/MethodAnnotationStruct
Event: 2.263 loading class com/android/dx/dex/file/MethodAnnotationStruct done


Dynamic libraries:
0x00007ff7b50f0000 - 0x00007ff7b5127000 	E:\Program Files\Java\jdk1.8.0_77\bin\java.exe
0x00007ffa093f0000 - 0x00007ffa095b1000 	C:\WINDOWS\SYSTEM32\ntdll.dll
0x00007ffa08a60000 - 0x00007ffa08b0d000 	C:\WINDOWS\system32\KERNEL32.DLL
0x00007ffa063c0000 - 0x00007ffa065a8000 	C:\WINDOWS\system32\KERNELBASE.dll
0x00007ffa08b80000 - 0x00007ffa08c27000 	C:\WINDOWS\system32\ADVAPI32.dll
0x00007ffa06a50000 - 0x00007ffa06aed000 	C:\WINDOWS\system32\msvcrt.dll
0x00007ffa08790000 - 0x00007ffa087eb000 	C:\WINDOWS\system32\sechost.dll
0x00007ffa09170000 - 0x00007ffa0928c000 	C:\WINDOWS\system32\RPCRT4.dll
0x00007ffa07010000 - 0x00007ffa07166000 	C:\WINDOWS\system32\USER32.dll
0x00007ffa08c30000 - 0x00007ffa08db6000 	C:\WINDOWS\system32\GDI32.dll
0x00007ff9fa9f0000 - 0x00007ff9fac64000 	C:\WINDOWS\WinSxS\amd64_microsoft.windows.common-controls_6595b64144ccf1df_6.0.10586.0_none_8c15ae12515e1c22\COMCTL32.dll
0x00007ffa067d0000 - 0x00007ffa06a4d000 	C:\WINDOWS\system32\combase.dll
0x00007ffa066b0000 - 0x00007ffa0671a000 	C:\WINDOWS\system32\bcryptPrimitives.dll
0x00007ffa07170000 - 0x00007ffa071ab000 	C:\WINDOWS\system32\IMM32.DLL
0x0000000071120000 - 0x00000000711f2000 	E:\Program Files\Java\jdk1.8.0_77\jre\bin\msvcr100.dll
0x0000000071200000 - 0x0000000071a90000 	E:\Program Files\Java\jdk1.8.0_77\jre\bin\server\jvm.dll
0x00007ffa093e0000 - 0x00007ffa093e8000 	C:\WINDOWS\system32\PSAPI.DLL
0x00007ff9ecb80000 - 0x00007ff9ecb89000 	C:\WINDOWS\SYSTEM32\WSOCK32.dll
0x00007ffa06f80000 - 0x00007ffa06feb000 	C:\WINDOWS\system32\WS2_32.dll
0x00007ffa03c70000 - 0x00007ffa03c93000 	C:\WINDOWS\SYSTEM32\WINMM.dll
0x00007ff9fa170000 - 0x00007ff9fa17a000 	C:\WINDOWS\SYSTEM32\VERSION.dll
0x00007ffa03c10000 - 0x00007ffa03c3c000 	C:\WINDOWS\SYSTEM32\WINMMBASE.dll
0x00007ffa06660000 - 0x00007ffa066a3000 	C:\WINDOWS\system32\cfgmgr32.dll
0x0000000071110000 - 0x000000007111f000 	E:\Program Files\Java\jdk1.8.0_77\jre\bin\verify.dll
0x00000000710e0000 - 0x0000000071109000 	E:\Program Files\Java\jdk1.8.0_77\jre\bin\java.dll
0x00000000710c0000 - 0x00000000710d6000 	E:\Program Files\Java\jdk1.8.0_77\jre\bin\zip.dll
0x00007ffa071d0000 - 0x00007ffa0872f000 	C:\WINDOWS\system32\SHELL32.dll
0x00007ffa05ba0000 - 0x00007ffa061e4000 	C:\WINDOWS\system32\windows.storage.dll
0x00007ffa087f0000 - 0x00007ffa08842000 	C:\WINDOWS\system32\shlwapi.dll
0x00007ffa05a10000 - 0x00007ffa05a1f000 	C:\WINDOWS\system32\kernel.appcore.dll
0x00007ffa05ae0000 - 0x00007ffa05b95000 	C:\WINDOWS\system32\shcore.dll
0x00007ffa05a30000 - 0x00007ffa05a7b000 	C:\WINDOWS\system32\powrprof.dll
0x00007ffa059f0000 - 0x00007ffa05a04000 	C:\WINDOWS\system32\profapi.dll

VM Arguments:
jvm_args: -Djava.awt.headless=true -Xmx1024M -Dfile.encoding=GBK -Duser.country=CN -Duser.language=zh -Duser.variant 
java_command: com.android.dx.command.Main --dex --force-jumbo --num-threads=4 --output E:\newsDay\app\build\intermediates\pre-dexed\debug\com.android.support-animated-vector-drawable-24.1.1_c1006791c81cf45a119fe8ca4fcea0710a5eaef9.jar E:\newsDay\app\build\intermediates\exploded-aar\com.android.support\animated-vector-drawable\24.1.1\jars\classes.jar
java_class_path (initial): E:\Users\Administrator\AppData\Local\Android\sdk\build-tools\24.0.0\lib\dx.jar
Launcher Type: SUN_STANDARD

Environment Variables:
JAVA_HOME=E:\Program Files\Java\jdk1.8.0_77
CLASSPATH=E:\Program Files\Java\jdk1.8.0_77\lib\dt.jar;E:\Program Files\Java\jdk1.8.0_77\lib\tools.jar
PATH=C:\ProgramData\Oracle\Java\javapath;C:\WINDOWS\system32;C:\WINDOWS;C:\WINDOWS\System32\Wbem;C:\WINDOWS\System32\WindowsPowerShell\v1.0\;C:\Program Files\TortoiseSVN\bin;E:\Program Files\Git\cmd;E:\Program Files\Java\jdk1.8.0_77\bin;E:\Users\Administrator\AppData\Local\Android\sdk\platform-tools;
USERNAME=Administrator
OS=Windows_NT
PROCESSOR_IDENTIFIER=Intel64 Family 6 Model 60 Stepping 3, GenuineIntel



---------------  S Y S T E M  ---------------

OS: Windows 10.0 , 64 bit Build 10586 (10.0.10586.0)

CPU:total 2 (2 cores per cpu, 1 threads per core) family 6 model 60 stepping 3, cmov, cx8, fxsr, mmx, sse, sse2, sse3, ssse3, sse4.1, sse4.2, popcnt, clmul, erms, lzcnt, tsc, tscinvbit

Memory: 4k page, physical 8286208k(1152892k free), swap 8286208k(5244k free)

vm_info: Java HotSpot(TM) 64-Bit Server VM (25.77-b03) for windows-amd64 JRE (1.8.0_77-b03), built on Mar 20 2016 22:01:33 by "java_re" with MS VC++ 10.0 (VS2010)

time: Thu Aug 11 17:32:07 2016
elapsed time: 2 seconds (0d 0h 0m 2s)

