#
# There is insufficient memory for the Java Runtime Environment to continue.
# Native memory allocation (malloc) failed to allocate 1669856 bytes for Chunk::new
# Possible reasons:
#   The system is out of physical RAM or swap space
#   In 32 bit mode, the process size limit was hit
# Possible solutions:
#   Reduce memory load on the system
#   Increase physical memory or swap space
#   Check if swap backing store is full
#   Use 64 bit Java on a 64 bit OS
#   Decrease Java heap size (-Xmx/-Xms)
#   Decrease number of Java threads
#   Decrease Java thread stack sizes (-Xss)
#   Set larger code cache with -XX:ReservedCodeCacheSize=
# This output file may be truncated or incomplete.
#
#  Out of Memory Error (allocation.cpp:390), pid=18540, tid=18980
#
# JRE version: Java(TM) SE Runtime Environment (8.0_77-b03) (build 1.8.0_77-b03)
# Java VM: Java HotSpot(TM) 64-Bit Server VM (25.77-b03 mixed mode windows-amd64 compressed oops)
# Failed to write core dump. Minidumps are not enabled by default on client versions of Windows
#

---------------  T H R E A D  ---------------

Current thread (0x0000000014b16800):  JavaThread "C2 CompilerThread0" daemon [_thread_in_native, id=18980, stack(0x00000000159f0000,0x0000000015af0000)]

Stack: [0x00000000159f0000,0x0000000015af0000]
[error occurred during error reporting (printing stack bounds), id 0xc0000005]

Native frames: (J=compiled Java code, j=interpreted, Vv=VM code, C=native code)


Current CompileTask:
C2:   1179 1456   !   4       com.android.dx.cf.code.BytecodeArray::parseInstruction (2764 bytes)


---------------  P R O C E S S  ---------------

Java Threads: ( => current thread )
  0x0000000015e48000 JavaThread "pool-2-thread-4" [_thread_blocked, id=17992, stack(0x00000000165f0000,0x00000000166f0000)]
  0x0000000015e2d000 JavaThread "pool-2-thread-3" [_thread_in_vm, id=17680, stack(0x00000000164f0000,0x00000000165f0000)]
  0x0000000015e2a000 JavaThread "pool-2-thread-2" [_thread_blocked, id=19060, stack(0x00000000163f0000,0x00000000164f0000)]
  0x0000000015e29800 JavaThread "pool-3-thread-1" [_thread_blocked, id=12584, stack(0x00000000162f0000,0x00000000163f0000)]
  0x0000000015e28800 JavaThread "pool-2-thread-1" [_thread_in_Java, id=18668, stack(0x00000000161f0000,0x00000000162f0000)]
  0x0000000014b5e000 JavaThread "Service Thread" daemon [_thread_blocked, id=1608, stack(0x0000000015ff0000,0x00000000160f0000)]
  0x0000000014b1a000 JavaThread "C1 CompilerThread1" daemon [_thread_blocked, id=16876, stack(0x0000000015af0000,0x0000000015bf0000)]
=>0x0000000014b16800 JavaThread "C2 CompilerThread0" daemon [_thread_in_native, id=18980, stack(0x00000000159f0000,0x0000000015af0000)]
  0x0000000014b15800 JavaThread "Attach Listener" daemon [_thread_blocked, id=18456, stack(0x00000000158f0000,0x00000000159f0000)]
  0x0000000014ac7800 JavaThread "Signal Dispatcher" daemon [_thread_blocked, id=18760, stack(0x00000000157f0000,0x00000000158f0000)]
  0x0000000014aa8800 JavaThread "Finalizer" daemon [_thread_blocked, id=19364, stack(0x00000000156f0000,0x00000000157f0000)]
  0x000000000253c800 JavaThread "Reference Handler" daemon [_thread_blocked, id=13248, stack(0x00000000155f0000,0x00000000156f0000)]
  0x0000000002451000 JavaThread "main" [_thread_in_vm, id=19192, stack(0x0000000001f80000,0x0000000002080000)]

Other Threads:
  0x0000000014a86000 VMThread [stack: 0x00000000154f0000,0x00000000155f0000] [id=18880]
  0x0000000015c0c000 WatcherThread [stack: 0x00000000160f0000,0x00000000161f0000] [id=19284]

VM state:not at safepoint (normal execution)

VM Mutex/Monitor currently owned by a thread: None

Heap:
 PSYoungGen      total 38400K, used 21274K [0x00000000eab00000, 0x00000000ef600000, 0x0000000100000000)
  eden space 33280K, 48% used [0x00000000eab00000,0x00000000ebac8d28,0x00000000ecb80000)
  from space 5120K, 99% used [0x00000000ecb80000,0x00000000ed07dd28,0x00000000ed080000)
  to   space 5120K, 0% used [0x00000000ef100000,0x00000000ef100000,0x00000000ef600000)
 ParOldGen       total 87552K, used 1736K [0x00000000c0000000, 0x00000000c5580000, 0x00000000eab00000)
  object space 87552K, 1% used [0x00000000c0000000,0x00000000c01b2008,0x00000000c5580000)
 Metaspace       used 6233K, capacity 7030K, committed 7296K, reserved 1056768K
  class space    used 604K, capacity 622K, committed 640K, reserved 1048576K

Card table byte_map: [0x00000000119f0000,0x0000000011c00000] byte_map_base: 0x00000000113f0000

Marking Bits: (ParMarkBitMap*) 0x0000000071a10600
 Begin Bits: [0x0000000011f60000, 0x0000000012f60000)
 End Bits:   [0x0000000012f60000, 0x0000000013f60000)

Polling page: 0x0000000000410000

CodeCache: size=245760Kb used=6015Kb max_used=6015Kb free=239744Kb
 bounds [0x0000000002630000, 0x0000000002c20000, 0x0000000011630000]
 total_blobs=1749 nmethods=1478 adapters=184
 compilation: enabled

Compilation events (10 events):
Event: 1.175 Thread 0x0000000014b1a000 1481       1       com.android.dx.cf.code.LocalVariableList$Item::getSignature (5 bytes)
Event: 1.175 Thread 0x0000000014b1a000 nmethod 1481 0x0000000002c11050 code [0x0000000002c111a0, 0x0000000002c112b0]
Event: 1.175 Thread 0x0000000014b1a000 1482       2       com.android.dx.cf.code.BaseMachine::popArgs (137 bytes)
Event: 1.176 Thread 0x0000000014b1a000 nmethod 1482 0x0000000002c11310 code [0x0000000002c115c0, 0x0000000002c11f28]
Event: 1.177 Thread 0x0000000014b1a000 1483       2       com.android.dx.rop.cst.CstKnownNull::equals (5 bytes)
Event: 1.177 Thread 0x0000000014b1a000 nmethod 1483 0x0000000002c12890 code [0x0000000002c129e0, 0x0000000002c12b70]
Event: 1.178 Thread 0x0000000014b1a000 1484       2       java.util.concurrent.locks.AbstractQueuedSynchronizer$ConditionObject::signal (33 bytes)
Event: 1.178 Thread 0x0000000014b1a000 nmethod 1484 0x0000000002c12c10 code [0x0000000002c12da0, 0x0000000002c12fe8]
Event: 1.178 Thread 0x0000000014b1a000 1485       2       java.util.concurrent.locks.ReentrantLock$Sync::isHeldExclusively (16 bytes)
Event: 1.178 Thread 0x0000000014b1a000 nmethod 1485 0x0000000002c13110 code [0x0000000002c13260, 0x0000000002c133d0]

GC Heap History (2 events):
Event: 0.847 GC heap before
{Heap before GC invocations=1 (full 0):
 PSYoungGen      total 38400K, used 33280K [0x00000000eab00000, 0x00000000ed580000, 0x0000000100000000)
  eden space 33280K, 100% used [0x00000000eab00000,0x00000000ecb80000,0x00000000ecb80000)
  from space 5120K, 0% used [0x00000000ed080000,0x00000000ed080000,0x00000000ed580000)
  to   space 5120K, 0% used [0x00000000ecb80000,0x00000000ecb80000,0x00000000ed080000)
 ParOldGen       total 87552K, used 0K [0x00000000c0000000, 0x00000000c5580000, 0x00000000eab00000)
  object space 87552K, 0% used [0x00000000c0000000,0x00000000c0000000,0x00000000c5580000)
 Metaspace       used 6112K, capacity 6966K, committed 7040K, reserved 1056768K
  class space    used 604K, capacity 622K, committed 640K, reserved 1048576K
Event: 0.857 GC heap after
Heap after GC invocations=1 (full 0):
 PSYoungGen      total 38400K, used 5111K [0x00000000eab00000, 0x00000000ef600000, 0x0000000100000000)
  eden space 33280K, 0% used [0x00000000eab00000,0x00000000eab00000,0x00000000ecb80000)
  from space 5120K, 99% used [0x00000000ecb80000,0x00000000ed07dd28,0x00000000ed080000)
  to   space 5120K, 0% used [0x00000000ef100000,0x00000000ef100000,0x00000000ef600000)
 ParOldGen       total 87552K, used 1736K [0x00000000c0000000, 0x00000000c5580000, 0x00000000eab00000)
  object space 87552K, 1% used [0x00000000c0000000,0x00000000c01b2008,0x00000000c5580000)
 Metaspace       used 6112K, capacity 6966K, committed 7040K, reserved 1056768K
  class space    used 604K, capacity 622K, committed 640K, reserved 1048576K
}

Deoptimization events (5 events):
Event: 0.559 Thread 0x0000000002451000 Uncommon trap: reason=unstable_if action=reinterpret pc=0x00000000028165e0 method=java.lang.String.<init>([CII)V @ 18
Event: 0.582 Thread 0x0000000015e28800 Uncommon trap: reason=null_check action=make_not_entrant pc=0x000000000292b874 method=com.android.dx.ssa.SsaRenamer.getLocalForNewReg(I)Lcom/android/dx/rop/code/LocalItem; @ 19
Event: 0.836 Thread 0x0000000015e48000 Uncommon trap: reason=null_check action=make_not_entrant pc=0x0000000002976f30 method=com.android.dx.ssa.SsaRenamer.getLocalForNewReg(I)Lcom/android/dx/rop/code/LocalItem; @ 19
Event: 1.166 Thread 0x0000000015e2d000 Uncommon trap: reason=unstable_if action=reinterpret pc=0x0000000002bc7974 method=com.android.dx.rop.code.RegisterSpec.equals(ILcom/android/dx/rop/type/TypeBearer;Lcom/android/dx/rop/code/LocalItem;)Z @ 42
Event: 1.166 Thread 0x0000000015e2d000 Uncommon trap: reason=unstable_if action=reinterpret pc=0x000000000296f3cc method=com.android.dx.rop.code.RegisterSpec.equals(ILcom/android/dx/rop/type/TypeBearer;Lcom/android/dx/rop/code/LocalItem;)Z @ 42

Internal exceptions (4 events):
Event: 0.028 Thread 0x0000000002451000 Exception <a 'java/lang/NoSuchMethodError': Method sun.misc.Unsafe.defineClass(Ljava/lang/String;[BII)Ljava/lang/Class; name or signature does not match> (0x00000000eab07cc0) thrown at [D:\re\workspace\8-2-build-windows-amd64-cygwin\jdk8u77\6540\hotspot\srYª‚Œ6
ù?
Event: 0.028 Thread 0x0000000002451000 Exception <a 'java/lang/NoSuchMethodError': Method sun.misc.Unsafe.prefetchRead(Ljava/lang/Object;J)V name or signature does not match> (0x00000000eab07fa8) thrown at [D:\re\workspace\8-2-build-windows-amd64-cygwin\jdk8u77\6540\hotspot\src\share\vm\prims\jV∫v∞èõ‚?
Event: 0.581 Thread 0x0000000015e28800 Implicit null exception at 0x0000000002929fb2 to 0x000000000292b82d
Event: 0.836 Thread 0x0000000015e48000 Implicit null exception at 0x0000000002975727 to 0x0000000002976f09

Events (10 events):
Event: 0.845 Executing VM operation: ParallelGCFailedAllocation
Event: 0.857 Executing VM operation: ParallelGCFailedAllocation done
Event: 1.076 Thread 0x0000000015e28800 DEOPT PACKING pc=0x0000000002a4baf7 sp=0x00000000162eebd0
Event: 1.076 Thread 0x0000000015e28800 DEOPT UNPACKING pc=0x000000000267747f sp=0x00000000162ee960 mode 0
Event: 1.166 Thread 0x0000000015e2d000 Uncommon trap: trap_request=0xffffff65 fr.pc=0x0000000002bc7974
Event: 1.166 Thread 0x0000000015e2d000 DEOPT PACKING pc=0x0000000002bc7974 sp=0x00000000165ee900
Event: 1.166 Thread 0x0000000015e2d000 DEOPT UNPACKING pc=0x000000000267582a sp=0x00000000165ee7f8 mode 2
Event: 1.166 Thread 0x0000000015e2d000 Uncommon trap: trap_request=0xffffff65 fr.pc=0x000000000296f3cc
Event: 1.166 Thread 0x0000000015e2d000 DEOPT PACKING pc=0x000000000296f3cc sp=0x00000000165ee860
Event: 1.166 Thread 0x0000000015e2d000 DEOPT UNPACKING pc=0x000000000267582a sp=0x00000000165ee7e8 mode 2


Dynamic libraries:
0x00007ff7b50f0000 - 0x00007ff7b5127000 	E:\Program Files\Java\jdk1.8.0_77\bin\java.exe
0x00007ffa093f0000 - 0x00007ffa095b1000 	C:\WINDOWS\SYSTEM32\ntdll.dll
0x00007ffa08a60000 - 0x00007ffa08b0d000 	C:\WINDOWS\system32\KERNEL32.DLL
0x00007ffa063c0000 - 0x00007ffa065a8000 	C:\WINDOWS\system32\KERNELBASE.dll
0x00007ffa08b80000 - 0x00007ffa08c27000 	C:\WINDOWS\system32\ADVAPI32.dll
0x00007ffa06a50000 - 0x00007ffa06aed000 	C:\WINDOWS\system32\msvcrt.dll
0x00007ffa08790000 - 0x00007ffa087eb000 	C:\WINDOWS\system32\sechost.dll
0x00007ffa09170000 - 0x00007ffa0928c000 	C:\WINDOWS\system32\RPCRT4.dll
0x00007ffa07010000 - 0x00007ffa07166000 	C:\WINDOWS\system32\USER32.dll
0x00007ffa08c30000 - 0x00007ffa08db6000 	C:\WINDOWS\system32\GDI32.dll
0x00007ff9fa9f0000 - 0x00007ff9fac64000 	C:\WINDOWS\WinSxS\amd64_microsoft.windows.common-controls_6595b64144ccf1df_6.0.10586.0_none_8c15ae12515e1c22\COMCTL32.dll
0x00007ffa067d0000 - 0x00007ffa06a4d000 	C:\WINDOWS\system32\combase.dll
0x00007ffa066b0000 - 0x00007ffa0671a000 	C:\WINDOWS\system32\bcryptPrimitives.dll
0x00007ffa07170000 - 0x00007ffa071ab000 	C:\WINDOWS\system32\IMM32.DLL
0x0000000071120000 - 0x00000000711f2000 	E:\Program Files\Java\jdk1.8.0_77\jre\bin\msvcr100.dll
0x0000000071200000 - 0x0000000071a90000 	E:\Program Files\Java\jdk1.8.0_77\jre\bin\server\jvm.dll
0x00007ffa093e0000 - 0x00007ffa093e8000 	C:\WINDOWS\system32\PSAPI.DLL
0x00007ff9ecb80000 - 0x00007ff9ecb89000 	C:\WINDOWS\SYSTEM32\WSOCK32.dll
0x00007ffa06f80000 - 0x00007ffa06feb000 	C:\WINDOWS\system32\WS2_32.dll
0x00007ffa03c70000 - 0x00007ffa03c93000 	C:\WINDOWS\SYSTEM32\WINMM.dll
0x00007ff9fa170000 - 0x00007ff9fa17a000 	C:\WINDOWS\SYSTEM32\VERSION.dll
0x00007ffa03c10000 - 0x00007ffa03c3c000 	C:\WINDOWS\SYSTEM32\WINMMBASE.dll
0x00007ffa06660000 - 0x00007ffa066a3000 	C:\WINDOWS\system32\cfgmgr32.dll
0x0000000071110000 - 0x000000007111f000 	E:\Program Files\Java\jdk1.8.0_77\jre\bin\verify.dll
0x00000000710e0000 - 0x0000000071109000 	E:\Program Files\Java\jdk1.8.0_77\jre\bin\java.dll
0x00000000710c0000 - 0x00000000710d6000 	E:\Program Files\Java\jdk1.8.0_77\jre\bin\zip.dll
0x00007ffa071d0000 - 0x00007ffa0872f000 	C:\WINDOWS\system32\SHELL32.dll
0x00007ffa05ba0000 - 0x00007ffa061e4000 	C:\WINDOWS\system32\windows.storage.dll
0x00007ffa087f0000 - 0x00007ffa08842000 	C:\WINDOWS\system32\shlwapi.dll
0x00007ffa05a10000 - 0x00007ffa05a1f000 	C:\WINDOWS\system32\kernel.appcore.dll
0x00007ffa05ae0000 - 0x00007ffa05b95000 	C:\WINDOWS\system32\shcore.dll
0x00007ffa05a30000 - 0x00007ffa05a7b000 	C:\WINDOWS\system32\powrprof.dll
0x00007ffa059f0000 - 0x00007ffa05a04000 	C:\WINDOWS\system32\profapi.dll

VM Arguments:
jvm_args: -Djava.awt.headless=true -Xmx1024M -Dfile.encoding=GBK -Duser.country=CN -Duser.language=zh -Duser.variant 
java_command: com.android.dx.command.Main --dex --force-jumbo --num-threads=4 --multi-dex --output E:\newsDay\app\build\intermediates\transforms\dex\debug\folders\1000\10\gson-2.7_2e85dbf641c4a16c73925139bd4ff50ebb0450dd C:\Users\Administrator\.gradle\caches\modules-2\files-2.1\com.google.code.gson\gson\2.7\751f548c85fa49f330cecbb1875893f971b33c4e\gson-2.7.jar
java_class_path (initial): E:\Users\Administrator\AppData\Local\Android\sdk\build-tools\24.0.0\lib\dx.jar
Launcher Type: SUN_STANDARD

Environment Variables:
JAVA_HOME=E:\Program Files\Java\jdk1.8.0_77
CLASSPATH=E:\Program Files\Java\jdk1.8.0_77\lib\dt.jar;E:\Program Files\Java\jdk1.8.0_77\lib\tools.jar
PATH=C:\ProgramData\Oracle\Java\javapath;C:\WINDOWS\system32;C:\WINDOWS;C:\WINDOWS\System32\Wbem;C:\WINDOWS\System32\WindowsPowerShell\v1.0\;C:\Program Files\TortoiseSVN\bin;E:\Program Files\Git\cmd;E:\Program Files\Java\jdk1.8.0_77\bin;E:\Users\Administrator\AppData\Local\Android\sdk\platform-tools;
USERNAME=Administrator
OS=Windows_NT
PROCESSOR_IDENTIFIER=Intel64 Family 6 Model 60 Stepping 3, GenuineIntel



---------------  S Y S T E M  ---------------

OS: Windows 10.0 , 64 bit Build 10586 (10.0.10586.0)

CPU:total 2 (2 cores per cpu, 1 threads per core) family 6 model 60 stepping 3, cmov, cx8, fxsr, mmx, sse, sse2, sse3, ssse3, sse4.1, sse4.2, popcnt, clmul, erms, lzcnt, tsc, tscinvbit

Memory: 4k page, physical 8286208k(1154976k free), swap 8286208k(5392k free)

vm_info: Java HotSpot(TM) 64-Bit Server VM (25.77-b03) for windows-amd64 JRE (1.8.0_77-b03), built on Mar 20 2016 22:01:33 by "java_re" with MS VC++ 10.0 (VS2010)

time: Thu Aug 11 16:23:40 2016
elapsed time: 1 seconds (0d 0h 0m 1s)

